{"/home/travis/build/npmtest/node-npmtest-tcomb/test.js":{"path":"/home/travis/build/npmtest/node-npmtest-tcomb/test.js","s":{"1":2,"2":2,"3":2,"4":2,"5":2,"6":2,"7":2,"8":1,"9":2,"10":2,"11":1,"12":1,"13":1,"14":1,"15":2,"16":2,"17":2,"18":2,"19":1,"20":1,"21":2,"22":2,"23":2,"24":1,"25":1,"26":1,"27":1,"28":1,"29":1,"30":1,"31":1,"32":1,"33":1,"34":1,"35":1,"36":1,"37":1,"38":1,"39":2,"40":2,"41":1,"42":2,"43":2,"44":1,"45":2,"46":2,"47":1,"48":2,"49":2,"50":1,"51":1,"52":1,"53":1,"54":1},"b":{"1":[2,1,1,1],"2":[1,1,1,1],"3":[1,1],"4":[1,1],"5":[1,1],"6":[1,1],"7":[1,1],"8":[1,1],"9":[1,1],"10":[1,1,1],"11":[1,1],"12":[1,1],"13":[1,1],"14":[1,1],"15":[1,1],"16":[1,1],"17":[1,1]},"f":{"1":2,"2":2,"3":2,"4":2,"5":2,"6":1,"7":1,"8":1,"9":2,"10":2,"11":2,"12":2,"13":1},"fnMap":{"1":{"name":"(anonymous_1)","line":12,"loc":{"start":{"line":12,"column":1},"end":{"line":12,"column":13}}},"2":{"name":"(anonymous_2)","line":19,"loc":{"start":{"line":19,"column":5},"end":{"line":19,"column":17}}},"3":{"name":"(anonymous_3)","line":23,"loc":{"start":{"line":23,"column":24},"end":{"line":23,"column":36}}},"4":{"name":"(anonymous_4)","line":61,"loc":{"start":{"line":61,"column":5},"end":{"line":61,"column":17}}},"5":{"name":"(anonymous_5)","line":82,"loc":{"start":{"line":82,"column":5},"end":{"line":82,"column":17}}},"6":{"name":"(anonymous_6)","line":91,"loc":{"start":{"line":91,"column":77},"end":{"line":94,"column":10}}},"7":{"name":"(anonymous_7)","line":112,"loc":{"start":{"line":112,"column":83},"end":{"line":115,"column":10}},"skip":true},"8":{"name":"(anonymous_8)","line":123,"loc":{"start":{"line":123,"column":77},"end":{"line":126,"column":10}},"skip":true},"9":{"name":"(anonymous_9)","line":139,"loc":{"start":{"line":139,"column":12},"end":{"line":139,"column":40}},"skip":true},"10":{"name":"(anonymous_10)","line":147,"loc":{"start":{"line":147,"column":77},"end":{"line":150,"column":10}},"skip":true},"11":{"name":"(anonymous_11)","line":158,"loc":{"start":{"line":158,"column":83},"end":{"line":161,"column":10}},"skip":true},"12":{"name":"(anonymous_12)","line":169,"loc":{"start":{"line":169,"column":79},"end":{"line":172,"column":10}},"skip":true},"13":{"name":"(anonymous_13)","line":180,"loc":{"start":{"line":180,"column":75},"end":{"line":183,"column":10}},"skip":true}},"statementMap":{"1":{"start":{"line":12,"column":0},"end":{"line":195,"column":5}},"2":{"start":{"line":14,"column":4},"end":{"line":14,"column":14}},"3":{"start":{"line":19,"column":4},"end":{"line":56,"column":9}},"4":{"start":{"line":21,"column":8},"end":{"line":21,"column":19}},"5":{"start":{"line":23,"column":8},"end":{"line":35,"column":13}},"6":{"start":{"line":24,"column":12},"end":{"line":34,"column":13}},"7":{"start":{"line":25,"column":16},"end":{"line":28,"column":30}},"8":{"start":{"line":30,"column":16},"end":{"line":33,"column":27}},"9":{"start":{"line":37,"column":8},"end":{"line":39,"column":21}},"10":{"start":{"line":40,"column":8},"end":{"line":53,"column":9}},"11":{"start":{"line":43,"column":12},"end":{"line":46,"column":14}},"12":{"start":{"line":47,"column":12},"end":{"line":47,"column":18}},"13":{"start":{"line":50,"column":12},"end":{"line":51,"column":46}},"14":{"start":{"line":52,"column":12},"end":{"line":52,"column":18}},"15":{"start":{"line":55,"column":8},"end":{"line":55,"column":35}},"16":{"start":{"line":61,"column":4},"end":{"line":63,"column":9}},"17":{"start":{"line":62,"column":8},"end":{"line":62,"column":15}},"18":{"start":{"line":64,"column":4},"end":{"line":77,"column":5}},"19":{"start":{"line":70,"column":8},"end":{"line":70,"column":14}},"20":{"start":{"line":76,"column":8},"end":{"line":76,"column":14}},"21":{"start":{"line":82,"column":4},"end":{"line":84,"column":9}},"22":{"start":{"line":83,"column":8},"end":{"line":83,"column":15}},"23":{"start":{"line":85,"column":4},"end":{"line":194,"column":5}},"24":{"start":{"line":91,"column":8},"end":{"line":99,"column":10}},"25":{"start":{"line":98,"column":12},"end":{"line":98,"column":35}},"26":{"start":{"line":102,"column":8},"end":{"line":104,"column":63}},"27":{"start":{"line":105,"column":8},"end":{"line":105,"column":14}},"28":{"start":{"line":112,"column":8},"end":{"line":121,"column":10},"skip":true},"29":{"start":{"line":119,"column":12},"end":{"line":119,"column":55},"skip":true},"30":{"start":{"line":120,"column":12},"end":{"line":120,"column":48},"skip":true},"31":{"start":{"line":123,"column":8},"end":{"line":136,"column":10},"skip":true},"32":{"start":{"line":130,"column":12},"end":{"line":130,"column":76},"skip":true},"33":{"start":{"line":131,"column":12},"end":{"line":131,"column":73},"skip":true},"34":{"start":{"line":132,"column":12},"end":{"line":132,"column":74},"skip":true},"35":{"start":{"line":133,"column":12},"end":{"line":133,"column":79},"skip":true},"36":{"start":{"line":134,"column":12},"end":{"line":134,"column":25},"skip":true},"37":{"start":{"line":135,"column":12},"end":{"line":135,"column":45},"skip":true},"38":{"start":{"line":138,"column":8},"end":{"line":145,"column":14},"skip":true},"39":{"start":{"line":143,"column":16},"end":{"line":143,"column":29},"skip":true},"40":{"start":{"line":144,"column":16},"end":{"line":144,"column":55},"skip":true},"41":{"start":{"line":147,"column":8},"end":{"line":156,"column":10},"skip":true},"42":{"start":{"line":154,"column":12},"end":{"line":154,"column":25},"skip":true},"43":{"start":{"line":155,"column":12},"end":{"line":155,"column":45},"skip":true},"44":{"start":{"line":158,"column":8},"end":{"line":167,"column":10},"skip":true},"45":{"start":{"line":165,"column":12},"end":{"line":165,"column":25},"skip":true},"46":{"start":{"line":166,"column":12},"end":{"line":166,"column":48},"skip":true},"47":{"start":{"line":169,"column":8},"end":{"line":178,"column":10},"skip":true},"48":{"start":{"line":176,"column":12},"end":{"line":176,"column":25},"skip":true},"49":{"start":{"line":177,"column":12},"end":{"line":177,"column":46},"skip":true},"50":{"start":{"line":180,"column":8},"end":{"line":189,"column":10},"skip":true},"51":{"start":{"line":187,"column":12},"end":{"line":187,"column":94},"skip":true},"52":{"start":{"line":188,"column":12},"end":{"line":188,"column":48},"skip":true},"53":{"start":{"line":192,"column":8},"end":{"line":192,"column":35},"skip":true},"54":{"start":{"line":193,"column":8},"end":{"line":193,"column":14},"skip":true}},"branchMap":{"1":{"line":25,"type":"binary-expr","locations":[{"start":{"line":25,"column":23},"end":{"line":25,"column":62}},{"start":{"line":26,"column":20},"end":{"line":26,"column":70}},{"start":{"line":27,"column":20},"end":{"line":27,"column":71}},{"start":{"line":28,"column":20},"end":{"line":28,"column":29}}]},"2":{"line":30,"type":"binary-expr","locations":[{"start":{"line":30,"column":23},"end":{"line":30,"column":37}},{"start":{"line":31,"column":20},"end":{"line":31,"column":61}},{"start":{"line":32,"column":20},"end":{"line":32,"column":70}},{"start":{"line":33,"column":20},"end":{"line":33,"column":26}}]},"3":{"line":37,"type":"cond-expr","locations":[{"start":{"line":38,"column":14},"end":{"line":38,"column":20}},{"start":{"line":39,"column":14},"end":{"line":39,"column":20}}]},"4":{"line":40,"type":"switch","locations":[{"start":{"line":42,"column":8},"end":{"line":47,"column":18}},{"start":{"line":49,"column":8},"end":{"line":52,"column":18}}]},"5":{"line":44,"type":"binary-expr","locations":[{"start":{"line":44,"column":16},"end":{"line":44,"column":44}},{"start":{"line":44,"column":48},"end":{"line":44,"column":66}}]},"6":{"line":50,"type":"binary-expr","locations":[{"start":{"line":50,"column":21},"end":{"line":50,"column":49}},{"start":{"line":50,"column":53},"end":{"line":50,"column":72}}]},"7":{"line":64,"type":"switch","locations":[{"start":{"line":69,"column":4},"end":{"line":70,"column":14}},{"start":{"line":75,"column":4},"end":{"line":76,"column":14}}]},"8":{"line":85,"type":"switch","locations":[{"start":{"line":90,"column":4},"end":{"line":105,"column":14}},{"start":{"line":111,"column":4},"end":{"line":193,"column":14},"skip":true}]},"9":{"line":91,"type":"binary-expr","locations":[{"start":{"line":91,"column":42},"end":{"line":91,"column":73}},{"start":{"line":91,"column":77},"end":{"line":99,"column":9}}]},"10":{"line":102,"type":"binary-expr","locations":[{"start":{"line":102,"column":18},"end":{"line":102,"column":32}},{"start":{"line":103,"column":12},"end":{"line":103,"column":53}},{"start":{"line":104,"column":12},"end":{"line":104,"column":61}}]},"11":{"line":112,"type":"binary-expr","locations":[{"start":{"line":112,"column":45},"end":{"line":112,"column":79},"skip":true},{"start":{"line":112,"column":83},"end":{"line":121,"column":9},"skip":true}]},"12":{"line":123,"type":"binary-expr","locations":[{"start":{"line":123,"column":42},"end":{"line":123,"column":73},"skip":true},{"start":{"line":123,"column":77},"end":{"line":136,"column":9},"skip":true}]},"13":{"line":138,"type":"binary-expr","locations":[{"start":{"line":138,"column":48},"end":{"line":138,"column":85},"skip":true},{"start":{"line":139,"column":12},"end":{"line":145,"column":13},"skip":true}]},"14":{"line":147,"type":"binary-expr","locations":[{"start":{"line":147,"column":42},"end":{"line":147,"column":73},"skip":true},{"start":{"line":147,"column":77},"end":{"line":156,"column":9},"skip":true}]},"15":{"line":158,"type":"binary-expr","locations":[{"start":{"line":158,"column":45},"end":{"line":158,"column":79},"skip":true},{"start":{"line":158,"column":83},"end":{"line":167,"column":9},"skip":true}]},"16":{"line":169,"type":"binary-expr","locations":[{"start":{"line":169,"column":43},"end":{"line":169,"column":75},"skip":true},{"start":{"line":169,"column":79},"end":{"line":178,"column":9},"skip":true}]},"17":{"line":180,"type":"binary-expr","locations":[{"start":{"line":180,"column":41},"end":{"line":180,"column":71},"skip":true},{"start":{"line":180,"column":75},"end":{"line":189,"column":9},"skip":true}]}},"code":["/* istanbul instrument in package npmtest_tcomb */","/*jslint","    bitwise: true,","    browser: true,","    maxerr: 8,","    maxlen: 96,","    node: true,","    nomen: true,","    regexp: true,","    stupid: true","*/","(function () {","    'use strict';","    var local;","","","","    // run shared js-env code - pre-init","    (function () {","        // init local","        local = {};","        // init modeJs","        local.modeJs = (function () {","            try {","                return typeof navigator.userAgent === 'string' &&","                    typeof document.querySelector('body') === 'object' &&","                    typeof XMLHttpRequest.prototype.open === 'function' &&","                    'browser';","            } catch (errorCaughtBrowser) {","                return module.exports &&","                    typeof process.versions.node === 'string' &&","                    typeof require('http').createServer === 'function' &&","                    'node';","            }","        }());","        // init global","        local.global = local.modeJs === 'browser'","            ? window","            : global;","        switch (local.modeJs) {","        // re-init local from window.local","        case 'browser':","            local = local.global.utility2.objectSetDefault(","                local.global.utility2_rollup || local.global.local,","                local.global.utility2","            );","            break;","        // re-init local from example.js","        case 'node':","            local = (local.global.utility2_rollup || require('utility2'))","                .requireExampleJsFromReadme();","            break;","        }","        // export local","        local.global.local = local;","    }());","","","","    // run shared js-env code - function","    (function () {","        return;","    }());","    switch (local.modeJs) {","","","","    // run browser js-env code - function","    case 'browser':","        break;","","","","    // run node js-env code - function","    case 'node':","        break;","    }","","","","    // run shared js-env code - post-init","    (function () {","        return;","    }());","    switch (local.modeJs) {","","","","    // run browser js-env code - post-init","    case 'browser':","        local.testCase_browser_nullCase = local.testCase_browser_nullCase || function (","            options,","            onError","        ) {","        /*","         * this function will test browsers's null-case handling-behavior-behavior","         */","            onError(null, options);","        };","","        // run tests","        local.nop(local.modeTest &&","            document.querySelector('#testRunButton1') &&","            document.querySelector('#testRunButton1').click());","        break;","","","","    // run node js-env code - post-init","    /* istanbul ignore next */","    case 'node':","        local.testCase_buildApidoc_default = local.testCase_buildApidoc_default || function (","            options,","            onError","        ) {","        /*","         * this function will test buildApidoc's default handling-behavior-behavior","         */","            options = { modulePathList: module.paths };","            local.buildApidoc(options, onError);","        };","","        local.testCase_buildApp_default = local.testCase_buildApp_default || function (","            options,","            onError","        ) {","        /*","         * this function will test buildApp's default handling-behavior-behavior","         */","            local.testCase_buildReadme_default(options, local.onErrorThrow);","            local.testCase_buildLib_default(options, local.onErrorThrow);","            local.testCase_buildTest_default(options, local.onErrorThrow);","            local.testCase_buildCustomOrg_default(options, local.onErrorThrow);","            options = [];","            local.buildApp(options, onError);","        };","","        local.testCase_buildCustomOrg_default = local.testCase_buildCustomOrg_default ||","            function (options, onError) {","            /*","             * this function will test buildCustomOrg's default handling-behavior","             */","                options = {};","                local.buildCustomOrg(options, onError);","            };","","        local.testCase_buildLib_default = local.testCase_buildLib_default || function (","            options,","            onError","        ) {","        /*","         * this function will test buildLib's default handling-behavior","         */","            options = {};","            local.buildLib(options, onError);","        };","","        local.testCase_buildReadme_default = local.testCase_buildReadme_default || function (","            options,","            onError","        ) {","        /*","         * this function will test buildReadme's default handling-behavior-behavior","         */","            options = {};","            local.buildReadme(options, onError);","        };","","        local.testCase_buildTest_default = local.testCase_buildTest_default || function (","            options,","            onError","        ) {","        /*","         * this function will test buildTest's default handling-behavior","         */","            options = {};","            local.buildTest(options, onError);","        };","","        local.testCase_webpage_default = local.testCase_webpage_default || function (","            options,","            onError","        ) {","        /*","         * this function will test webpage's default handling-behavior","         */","            options = { modeCoverageMerge: true, url: local.serverLocalHost + '?modeTest=1' };","            local.browserTest(options, onError);","        };","","        // run test-server","        local.testRunServer(local);","        break;","    }","}());",""],"l":{"12":2,"14":2,"19":2,"21":2,"23":2,"24":2,"25":2,"30":1,"37":2,"40":2,"43":1,"47":1,"50":1,"52":1,"55":2,"61":2,"62":2,"64":2,"70":1,"76":1,"82":2,"83":2,"85":2,"91":1,"98":1,"102":1,"105":1,"112":1,"119":1,"120":1,"123":1,"130":1,"131":1,"132":1,"133":1,"134":1,"135":1,"138":1,"143":2,"144":2,"147":1,"154":2,"155":2,"158":1,"165":2,"166":2,"169":1,"176":2,"177":2,"180":1,"187":1,"188":1,"192":1,"193":1}},"/home/travis/build/npmtest/node-npmtest-tcomb/lib.npmtest_tcomb.js":{"path":"/home/travis/build/npmtest/node-npmtest-tcomb/lib.npmtest_tcomb.js","s":{"1":2,"2":2,"3":2,"4":2,"5":2,"6":2,"7":2,"8":1,"9":2,"10":2,"11":2,"12":2,"13":1,"14":1,"15":1,"16":1},"b":{"1":[2,1,1,1],"2":[1,1,1,1],"3":[1,1],"4":[2,2],"5":[1,1]},"f":{"1":2,"2":2,"3":2},"fnMap":{"1":{"name":"(anonymous_1)","line":12,"loc":{"start":{"line":12,"column":1},"end":{"line":12,"column":13}}},"2":{"name":"(anonymous_2)","line":19,"loc":{"start":{"line":19,"column":5},"end":{"line":19,"column":17}}},"3":{"name":"(anonymous_3)","line":23,"loc":{"start":{"line":23,"column":24},"end":{"line":23,"column":36}}}},"statementMap":{"1":{"start":{"line":12,"column":0},"end":{"line":53,"column":5}},"2":{"start":{"line":14,"column":4},"end":{"line":14,"column":14}},"3":{"start":{"line":19,"column":4},"end":{"line":52,"column":9}},"4":{"start":{"line":21,"column":8},"end":{"line":21,"column":19}},"5":{"start":{"line":23,"column":8},"end":{"line":35,"column":13}},"6":{"start":{"line":24,"column":12},"end":{"line":34,"column":13}},"7":{"start":{"line":25,"column":16},"end":{"line":28,"column":30}},"8":{"start":{"line":30,"column":16},"end":{"line":33,"column":27}},"9":{"start":{"line":37,"column":8},"end":{"line":39,"column":21}},"10":{"start":{"line":41,"column":8},"end":{"line":41,"column":54}},"11":{"start":{"line":43,"column":8},"end":{"line":43,"column":50}},"12":{"start":{"line":45,"column":8},"end":{"line":51,"column":9}},"13":{"start":{"line":46,"column":12},"end":{"line":46,"column":56}},"14":{"start":{"line":48,"column":12},"end":{"line":48,"column":35}},"15":{"start":{"line":49,"column":12},"end":{"line":49,"column":49}},"16":{"start":{"line":50,"column":12},"end":{"line":50,"column":43}}},"branchMap":{"1":{"line":25,"type":"binary-expr","locations":[{"start":{"line":25,"column":23},"end":{"line":25,"column":62}},{"start":{"line":26,"column":20},"end":{"line":26,"column":70}},{"start":{"line":27,"column":20},"end":{"line":27,"column":71}},{"start":{"line":28,"column":20},"end":{"line":28,"column":29}}]},"2":{"line":30,"type":"binary-expr","locations":[{"start":{"line":30,"column":23},"end":{"line":30,"column":37}},{"start":{"line":31,"column":20},"end":{"line":31,"column":61}},{"start":{"line":32,"column":20},"end":{"line":32,"column":70}},{"start":{"line":33,"column":20},"end":{"line":33,"column":26}}]},"3":{"line":37,"type":"cond-expr","locations":[{"start":{"line":38,"column":14},"end":{"line":38,"column":20}},{"start":{"line":39,"column":14},"end":{"line":39,"column":20}}]},"4":{"line":41,"type":"binary-expr","locations":[{"start":{"line":41,"column":16},"end":{"line":41,"column":44}},{"start":{"line":41,"column":48},"end":{"line":41,"column":53}}]},"5":{"line":45,"type":"if","locations":[{"start":{"line":45,"column":8},"end":{"line":45,"column":8}},{"start":{"line":45,"column":8},"end":{"line":45,"column":8}}]}},"code":["/* istanbul instrument in package npmtest_tcomb */","/*jslint","    bitwise: true,","    browser: true,","    maxerr: 8,","    maxlen: 96,","    node: true,","    nomen: true,","    regexp: true,","    stupid: true","*/","(function () {","    'use strict';","    var local;","","","","    // run shared js-env code - pre-init","    (function () {","        // init local","        local = {};","        // init modeJs","        local.modeJs = (function () {","            try {","                return typeof navigator.userAgent === 'string' &&","                    typeof document.querySelector('body') === 'object' &&","                    typeof XMLHttpRequest.prototype.open === 'function' &&","                    'browser';","            } catch (errorCaughtBrowser) {","                return module.exports &&","                    typeof process.versions.node === 'string' &&","                    typeof require('http').createServer === 'function' &&","                    'node';","            }","        }());","        // init global","        local.global = local.modeJs === 'browser'","            ? window","            : global;","        // init utility2_rollup","        local = local.global.utility2_rollup || local;","        // init lib","        local.local = local.npmtest_tcomb = local;","        // init exports","        if (local.modeJs === 'browser') {","            local.global.utility2_npmtest_tcomb = local;","        } else {","            module.exports = local;","            module.exports.__dirname = __dirname;","            module.exports.module = module;","        }","    }());","}());",""],"l":{"12":2,"14":2,"19":2,"21":2,"23":2,"24":2,"25":2,"30":1,"37":2,"41":2,"43":2,"45":2,"46":1,"48":1,"49":1,"50":1}},"/home/travis/build/npmtest/node-npmtest-tcomb/example.js":{"path":"/home/travis/build/npmtest/node-npmtest-tcomb/example.js","s":{"1":2,"2":2,"3":2,"4":2,"5":2,"6":2,"7":2,"8":1,"9":2,"10":2,"11":2,"12":2,"13":1,"14":2,"15":2,"16":2,"17":2,"18":2,"19":0,"20":2,"21":1,"22":1,"23":1,"24":1,"25":1,"26":0,"27":0,"28":1,"29":1,"30":2,"31":0,"32":0,"33":0,"34":1,"35":2,"36":2,"37":3,"38":3,"39":3,"40":3,"41":0,"42":3,"43":3,"44":3,"45":1,"46":3,"47":1,"48":1,"49":1,"50":1,"51":1,"52":1,"53":1,"54":1,"55":1,"56":1,"57":0,"58":1,"59":6,"60":6,"61":1,"62":2,"63":0,"64":2,"65":1,"66":1,"67":0,"68":0,"69":0,"70":0,"71":0,"72":0,"73":0,"74":0,"75":0,"76":0,"77":0,"78":0,"79":0,"80":0,"81":0,"82":0,"83":0},"b":{"1":[2,1,1,1],"2":[1,1,1,1],"3":[1,1],"4":[2,2],"5":[1,1],"6":[1,1],"7":[2,0],"8":[2,1,1,1,1,1],"9":[0,2,0],"10":[1,1],"11":[2,1,1],"12":[1,0],"13":[0,2],"14":[2,0,0,0,0,0,0],"15":[0,3],"16":[3,0],"17":[1,1],"18":[0,1],"19":[1,2,0,2],"20":[1,0],"21":[1,1],"22":[0,0],"23":[0,0],"24":[0,0],"25":[0,0],"26":[0,0],"27":[0,0],"28":[0,0]},"f":{"1":2,"2":2,"3":2,"4":2,"5":2,"6":2,"7":3,"8":3,"9":3,"10":1,"11":6,"12":0},"fnMap":{"1":{"name":"(anonymous_1)","line":26,"loc":{"start":{"line":26,"column":1},"end":{"line":26,"column":13}}},"2":{"name":"(anonymous_2)","line":33,"loc":{"start":{"line":33,"column":5},"end":{"line":33,"column":17}}},"3":{"name":"(anonymous_3)","line":37,"loc":{"start":{"line":37,"column":24},"end":{"line":37,"column":36}}},"4":{"name":"(anonymous_4)","line":69,"loc":{"start":{"line":69,"column":31},"end":{"line":69,"column":48}},"skip":true},"5":{"name":"(anonymous_5)","line":78,"loc":{"start":{"line":78,"column":26},"end":{"line":78,"column":45}},"skip":true},"6":{"name":"(anonymous_6)","line":123,"loc":{"start":{"line":123,"column":33},"end":{"line":123,"column":48}},"skip":true},"7":{"name":"(anonymous_7)","line":125,"loc":{"start":{"line":125,"column":27},"end":{"line":125,"column":39}},"skip":true},"8":{"name":"(anonymous_8)","line":133,"loc":{"start":{"line":133,"column":59},"end":{"line":133,"column":74}},"skip":true},"9":{"name":"(anonymous_9)","line":143,"loc":{"start":{"line":143,"column":45},"end":{"line":143,"column":62}},"skip":true},"10":{"name":"(anonymous_10)","line":144,"loc":{"start":{"line":144,"column":73},"end":{"line":144,"column":92}},"skip":true},"11":{"name":"(anonymous_11)","line":272,"loc":{"start":{"line":272,"column":51},"end":{"line":272,"column":77}},"skip":true},"12":{"name":"(anonymous_12)","line":315,"loc":{"start":{"line":315,"column":32},"end":{"line":315,"column":61}},"skip":true}},"statementMap":{"1":{"start":{"line":26,"column":0},"end":{"line":326,"column":5}},"2":{"start":{"line":28,"column":4},"end":{"line":28,"column":14}},"3":{"start":{"line":33,"column":4},"end":{"line":60,"column":9}},"4":{"start":{"line":35,"column":8},"end":{"line":35,"column":19}},"5":{"start":{"line":37,"column":8},"end":{"line":49,"column":13}},"6":{"start":{"line":38,"column":12},"end":{"line":48,"column":13}},"7":{"start":{"line":39,"column":16},"end":{"line":42,"column":30}},"8":{"start":{"line":44,"column":16},"end":{"line":47,"column":27}},"9":{"start":{"line":51,"column":8},"end":{"line":53,"column":21}},"10":{"start":{"line":55,"column":8},"end":{"line":57,"column":45}},"11":{"start":{"line":59,"column":8},"end":{"line":59,"column":35}},"12":{"start":{"line":61,"column":4},"end":{"line":325,"column":5}},"13":{"start":{"line":69,"column":8},"end":{"line":121,"column":10},"skip":true},"14":{"start":{"line":70,"column":12},"end":{"line":88,"column":13},"skip":true},"15":{"start":{"line":76,"column":16},"end":{"line":87,"column":19},"skip":true},"16":{"start":{"line":79,"column":20},"end":{"line":86,"column":21},"skip":true},"17":{"start":{"line":82,"column":24},"end":{"line":82,"column":43},"skip":true},"18":{"start":{"line":83,"column":24},"end":{"line":83,"column":30},"skip":true},"19":{"start":{"line":85,"column":24},"end":{"line":85,"column":49},"skip":true},"20":{"start":{"line":89,"column":12},"end":{"line":107,"column":13},"skip":true},"21":{"start":{"line":92,"column":16},"end":{"line":102,"column":17},"skip":true},"22":{"start":{"line":93,"column":20},"end":{"line":93,"column":86},"skip":true},"23":{"start":{"line":94,"column":20},"end":{"line":95,"column":45},"skip":true},"24":{"start":{"line":96,"column":20},"end":{"line":96,"column":42},"skip":true},"25":{"start":{"line":97,"column":20},"end":{"line":97,"column":48},"skip":true},"26":{"start":{"line":100,"column":20},"end":{"line":100,"column":85},"skip":true},"27":{"start":{"line":101,"column":20},"end":{"line":101,"column":96},"skip":true},"28":{"start":{"line":103,"column":16},"end":{"line":103,"column":22},"skip":true},"29":{"start":{"line":106,"column":16},"end":{"line":106,"column":22},"skip":true},"30":{"start":{"line":108,"column":12},"end":{"line":120,"column":13},"skip":true},"31":{"start":{"line":114,"column":16},"end":{"line":119,"column":17},"skip":true},"32":{"start":{"line":116,"column":20},"end":{"line":116,"column":78},"skip":true},"33":{"start":{"line":118,"column":20},"end":{"line":118,"column":47},"skip":true},"34":{"start":{"line":123,"column":8},"end":{"line":141,"column":11},"skip":true},"35":{"start":{"line":124,"column":12},"end":{"line":124,"column":54},"skip":true},"36":{"start":{"line":125,"column":12},"end":{"line":140,"column":14},"skip":true},"37":{"start":{"line":126,"column":16},"end":{"line":126,"column":28},"skip":true},"38":{"start":{"line":127,"column":16},"end":{"line":127,"column":69},"skip":true},"39":{"start":{"line":128,"column":16},"end":{"line":128,"column":75},"skip":true},"40":{"start":{"line":129,"column":16},"end":{"line":131,"column":17},"skip":true},"41":{"start":{"line":130,"column":20},"end":{"line":130,"column":27},"skip":true},"42":{"start":{"line":133,"column":16},"end":{"line":137,"column":36},"skip":true},"43":{"start":{"line":134,"column":20},"end":{"line":136,"column":55},"skip":true},"44":{"start":{"line":139,"column":16},"end":{"line":139,"column":57},"skip":true},"45":{"start":{"line":143,"column":8},"end":{"line":147,"column":11},"skip":true},"46":{"start":{"line":144,"column":12},"end":{"line":146,"column":15},"skip":true},"47":{"start":{"line":145,"column":16},"end":{"line":145,"column":70},"skip":true},"48":{"start":{"line":149,"column":8},"end":{"line":149,"column":31},"skip":true},"49":{"start":{"line":150,"column":8},"end":{"line":150,"column":14},"skip":true},"50":{"start":{"line":158,"column":8},"end":{"line":158,"column":31},"skip":true},"51":{"start":{"line":160,"column":8},"end":{"line":160,"column":33},"skip":true},"52":{"start":{"line":161,"column":8},"end":{"line":161,"column":37},"skip":true},"53":{"start":{"line":162,"column":8},"end":{"line":162,"column":35},"skip":true},"54":{"start":{"line":164,"column":8},"end":{"line":164,"column":50},"skip":true},"55":{"start":{"line":166,"column":8},"end":{"line":256,"column":2},"skip":true},"56":{"start":{"line":258,"column":8},"end":{"line":286,"column":9},"skip":true},"57":{"start":{"line":259,"column":12},"end":{"line":269,"column":14},"skip":true},"58":{"start":{"line":271,"column":12},"end":{"line":285,"column":19},"skip":true},"59":{"start":{"line":274,"column":20},"end":{"line":274,"column":35},"skip":true},"60":{"start":{"line":275,"column":20},"end":{"line":284,"column":21},"skip":true},"61":{"start":{"line":277,"column":24},"end":{"line":277,"column":64},"skip":true},"62":{"start":{"line":279,"column":24},"end":{"line":279,"column":40},"skip":true},"63":{"start":{"line":281,"column":24},"end":{"line":281,"column":40},"skip":true},"64":{"start":{"line":283,"column":24},"end":{"line":283,"column":39},"skip":true},"65":{"start":{"line":288,"column":8},"end":{"line":290,"column":9},"skip":true},"66":{"start":{"line":289,"column":12},"end":{"line":289,"column":18},"skip":true},"67":{"start":{"line":291,"column":8},"end":{"line":293,"column":54},"skip":true},"68":{"start":{"line":296,"column":8},"end":{"line":301,"column":37},"skip":true},"69":{"start":{"line":303,"column":8},"end":{"line":303,"column":82},"skip":true},"70":{"start":{"line":306,"column":8},"end":{"line":308,"column":9},"skip":true},"71":{"start":{"line":307,"column":12},"end":{"line":307,"column":82},"skip":true},"72":{"start":{"line":310,"column":8},"end":{"line":312,"column":9},"skip":true},"73":{"start":{"line":311,"column":12},"end":{"line":311,"column":18},"skip":true},"74":{"start":{"line":313,"column":8},"end":{"line":313,"column":54},"skip":true},"75":{"start":{"line":314,"column":8},"end":{"line":314,"column":69},"skip":true},"76":{"start":{"line":315,"column":8},"end":{"line":323,"column":36},"skip":true},"77":{"start":{"line":316,"column":12},"end":{"line":316,"column":61},"skip":true},"78":{"start":{"line":317,"column":12},"end":{"line":320,"column":13},"skip":true},"79":{"start":{"line":318,"column":16},"end":{"line":318,"column":75},"skip":true},"80":{"start":{"line":319,"column":16},"end":{"line":319,"column":23},"skip":true},"81":{"start":{"line":321,"column":12},"end":{"line":321,"column":38},"skip":true},"82":{"start":{"line":322,"column":12},"end":{"line":322,"column":27},"skip":true},"83":{"start":{"line":324,"column":8},"end":{"line":324,"column":14},"skip":true}},"branchMap":{"1":{"line":39,"type":"binary-expr","locations":[{"start":{"line":39,"column":23},"end":{"line":39,"column":62}},{"start":{"line":40,"column":20},"end":{"line":40,"column":70}},{"start":{"line":41,"column":20},"end":{"line":41,"column":71}},{"start":{"line":42,"column":20},"end":{"line":42,"column":29}}]},"2":{"line":44,"type":"binary-expr","locations":[{"start":{"line":44,"column":23},"end":{"line":44,"column":37}},{"start":{"line":45,"column":20},"end":{"line":45,"column":61}},{"start":{"line":46,"column":20},"end":{"line":46,"column":70}},{"start":{"line":47,"column":20},"end":{"line":47,"column":26}}]},"3":{"line":51,"type":"cond-expr","locations":[{"start":{"line":52,"column":14},"end":{"line":52,"column":20}},{"start":{"line":53,"column":14},"end":{"line":53,"column":20}}]},"4":{"line":55,"type":"binary-expr","locations":[{"start":{"line":55,"column":16},"end":{"line":55,"column":44}},{"start":{"line":55,"column":49},"end":{"line":57,"column":43}}]},"5":{"line":55,"type":"cond-expr","locations":[{"start":{"line":56,"column":14},"end":{"line":56,"column":49}},{"start":{"line":57,"column":14},"end":{"line":57,"column":43}}]},"6":{"line":61,"type":"switch","locations":[{"start":{"line":68,"column":4},"end":{"line":150,"column":14},"skip":true},{"start":{"line":156,"column":4},"end":{"line":324,"column":14},"skip":true}]},"7":{"line":70,"type":"if","locations":[{"start":{"line":70,"column":12},"end":{"line":70,"column":12},"skip":true},{"start":{"line":70,"column":12},"end":{"line":70,"column":12},"skip":true}]},"8":{"line":70,"type":"binary-expr","locations":[{"start":{"line":70,"column":16},"end":{"line":70,"column":22},"skip":true},{"start":{"line":70,"column":27},"end":{"line":70,"column":32},"skip":true},{"start":{"line":71,"column":20},"end":{"line":71,"column":39},"skip":true},{"start":{"line":72,"column":20},"end":{"line":72,"column":49},"skip":true},{"start":{"line":73,"column":20},"end":{"line":73,"column":58},"skip":true},{"start":{"line":74,"column":20},"end":{"line":74,"column":69},"skip":true}]},"9":{"line":79,"type":"switch","locations":[{"start":{"line":80,"column":20},"end":{"line":80,"column":33},"skip":true},{"start":{"line":81,"column":20},"end":{"line":83,"column":30},"skip":true},{"start":{"line":84,"column":20},"end":{"line":85,"column":49},"skip":true}]},"10":{"line":89,"type":"switch","locations":[{"start":{"line":90,"column":12},"end":{"line":103,"column":22},"skip":true},{"start":{"line":105,"column":12},"end":{"line":106,"column":22},"skip":true}]},"11":{"line":89,"type":"binary-expr","locations":[{"start":{"line":89,"column":20},"end":{"line":89,"column":25},"skip":true},{"start":{"line":89,"column":29},"end":{"line":89,"column":48},"skip":true},{"start":{"line":89,"column":52},"end":{"line":89,"column":74},"skip":true}]},"12":{"line":92,"type":"if","locations":[{"start":{"line":92,"column":16},"end":{"line":92,"column":16},"skip":true},{"start":{"line":92,"column":16},"end":{"line":92,"column":16},"skip":true}]},"13":{"line":108,"type":"if","locations":[{"start":{"line":108,"column":12},"end":{"line":108,"column":12},"skip":true},{"start":{"line":108,"column":12},"end":{"line":108,"column":12},"skip":true}]},"14":{"line":108,"type":"binary-expr","locations":[{"start":{"line":108,"column":16},"end":{"line":108,"column":61},"skip":true},{"start":{"line":108,"column":66},"end":{"line":108,"column":72},"skip":true},{"start":{"line":108,"column":77},"end":{"line":108,"column":82},"skip":true},{"start":{"line":109,"column":20},"end":{"line":109,"column":39},"skip":true},{"start":{"line":110,"column":20},"end":{"line":110,"column":49},"skip":true},{"start":{"line":111,"column":20},"end":{"line":111,"column":58},"skip":true},{"start":{"line":112,"column":20},"end":{"line":112,"column":68},"skip":true}]},"15":{"line":129,"type":"if","locations":[{"start":{"line":129,"column":16},"end":{"line":129,"column":16},"skip":true},{"start":{"line":129,"column":16},"end":{"line":129,"column":16},"skip":true}]},"16":{"line":134,"type":"cond-expr","locations":[{"start":{"line":135,"column":26},"end":{"line":135,"column":29},"skip":true},{"start":{"line":136,"column":26},"end":{"line":136,"column":54},"skip":true}]},"17":{"line":164,"type":"binary-expr","locations":[{"start":{"line":164,"column":27},"end":{"line":164,"column":43},"skip":true},{"start":{"line":164,"column":47},"end":{"line":164,"column":49},"skip":true}]},"18":{"line":258,"type":"if","locations":[{"start":{"line":258,"column":8},"end":{"line":258,"column":8},"skip":true},{"start":{"line":258,"column":8},"end":{"line":258,"column":8},"skip":true}]},"19":{"line":275,"type":"switch","locations":[{"start":{"line":276,"column":20},"end":{"line":277,"column":64},"skip":true},{"start":{"line":278,"column":20},"end":{"line":279,"column":40},"skip":true},{"start":{"line":280,"column":20},"end":{"line":281,"column":40},"skip":true},{"start":{"line":282,"column":20},"end":{"line":283,"column":39},"skip":true}]},"20":{"line":288,"type":"if","locations":[{"start":{"line":288,"column":8},"end":{"line":288,"column":8},"skip":true},{"start":{"line":288,"column":8},"end":{"line":288,"column":8},"skip":true}]},"21":{"line":288,"type":"binary-expr","locations":[{"start":{"line":288,"column":12},"end":{"line":288,"column":40},"skip":true},{"start":{"line":288,"column":44},"end":{"line":288,"column":67},"skip":true}]},"22":{"line":292,"type":"binary-expr","locations":[{"start":{"line":292,"column":12},"end":{"line":292,"column":50},"skip":true},{"start":{"line":293,"column":12},"end":{"line":293,"column":53},"skip":true}]},"23":{"line":297,"type":"binary-expr","locations":[{"start":{"line":297,"column":12},"end":{"line":297,"column":63},"skip":true},{"start":{"line":298,"column":12},"end":{"line":301,"column":36},"skip":true}]},"24":{"line":303,"type":"binary-expr","locations":[{"start":{"line":303,"column":43},"end":{"line":303,"column":75},"skip":true},{"start":{"line":303,"column":79},"end":{"line":303,"column":81},"skip":true}]},"25":{"line":306,"type":"if","locations":[{"start":{"line":306,"column":8},"end":{"line":306,"column":8},"skip":true},{"start":{"line":306,"column":8},"end":{"line":306,"column":8},"skip":true}]},"26":{"line":310,"type":"if","locations":[{"start":{"line":310,"column":8},"end":{"line":310,"column":8},"skip":true},{"start":{"line":310,"column":8},"end":{"line":310,"column":8},"skip":true}]},"27":{"line":313,"type":"binary-expr","locations":[{"start":{"line":313,"column":27},"end":{"line":313,"column":43},"skip":true},{"start":{"line":313,"column":47},"end":{"line":313,"column":53},"skip":true}]},"28":{"line":317,"type":"if","locations":[{"start":{"line":317,"column":12},"end":{"line":317,"column":12},"skip":true},{"start":{"line":317,"column":12},"end":{"line":317,"column":12},"skip":true}]}},"code":["/*","example.js","","quickstart example","","instruction","    1. save this script as example.js","    2. run the shell command:","        $ npm install npmtest-tcomb && PORT=8081 node example.js","    3. play with the browser-demo on http://127.0.0.1:8081","*/","","","","/* istanbul instrument in package npmtest_tcomb */","/*jslint","    bitwise: true,","    browser: true,","    maxerr: 8,","    maxlen: 96,","    node: true,","    nomen: true,","    regexp: true,","    stupid: true","*/","(function () {","    'use strict';","    var local;","","","","    // run shared js-env code - pre-init","    (function () {","        // init local","        local = {};","        // init modeJs","        local.modeJs = (function () {","            try {","                return typeof navigator.userAgent === 'string' &&","                    typeof document.querySelector('body') === 'object' &&","                    typeof XMLHttpRequest.prototype.open === 'function' &&","                    'browser';","            } catch (errorCaughtBrowser) {","                return module.exports &&","                    typeof process.versions.node === 'string' &&","                    typeof require('http').createServer === 'function' &&","                    'node';","            }","        }());","        // init global","        local.global = local.modeJs === 'browser'","            ? window","            : global;","        // init utility2_rollup","        local = local.global.utility2_rollup || (local.modeJs === 'browser'","            ? local.global.utility2_npmtest_tcomb","            : global.utility2_moduleExports);","        // export local","        local.global.local = local;","    }());","    switch (local.modeJs) {","","","","    // post-init","    // run browser js-env code - post-init","    /* istanbul ignore next */","    case 'browser':","        local.testRunBrowser = function (event) {","            if (!event || (event &&","                    event.currentTarget &&","                    event.currentTarget.className &&","                    event.currentTarget.className.includes &&","                    event.currentTarget.className.includes('onreset'))) {","                // reset output","                Array.from(","                    document.querySelectorAll('body > .resettable')","                ).forEach(function (element) {","                    switch (element.tagName) {","                    case 'INPUT':","                    case 'TEXTAREA':","                        element.value = '';","                        break;","                    default:","                        element.textContent = '';","                    }","                });","            }","            switch (event && event.currentTarget && event.currentTarget.id) {","            case 'testRunButton1':","                // show tests","                if (document.querySelector('#testReportDiv1').style.display === 'none') {","                    document.querySelector('#testReportDiv1').style.display = 'block';","                    document.querySelector('#testRunButton1').textContent =","                        'hide internal test';","                    local.modeTest = true;","                    local.testRunDefault(local);","                // hide tests","                } else {","                    document.querySelector('#testReportDiv1').style.display = 'none';","                    document.querySelector('#testRunButton1').textContent = 'run internal test';","                }","                break;","            // custom-case","            default:","                break;","            }","            if (document.querySelector('#inputTextareaEval1') && (!event || (event &&","                    event.currentTarget &&","                    event.currentTarget.className &&","                    event.currentTarget.className.includes &&","                    event.currentTarget.className.includes('oneval')))) {","                // try to eval input-code","                try {","                    /*jslint evil: true*/","                    eval(document.querySelector('#inputTextareaEval1').value);","                } catch (errorCaught) {","                    console.error(errorCaught);","                }","            }","        };","        // log stderr and stdout to #outputTextareaStdout1","        ['error', 'log'].forEach(function (key) {","            console[key + '_original'] = console[key];","            console[key] = function () {","                var element;","                console[key + '_original'].apply(console, arguments);","                element = document.querySelector('#outputTextareaStdout1');","                if (!element) {","                    return;","                }","                // append text to #outputTextareaStdout1","                element.value += Array.from(arguments).map(function (arg) {","                    return typeof arg === 'string'","                        ? arg","                        : JSON.stringify(arg, null, 4);","                }).join(' ') + '\\n';","                // scroll textarea to bottom","                element.scrollTop = element.scrollHeight;","            };","        });","        // init event-handling","        ['change', 'click', 'keyup'].forEach(function (event) {","            Array.from(document.querySelectorAll('.on' + event)).forEach(function (element) {","                element.addEventListener(event, local.testRunBrowser);","            });","        });","        // run tests","        local.testRunBrowser();","        break;","","","","    // run node js-env code - post-init","    /* istanbul ignore next */","    case 'node':","        // export local","        module.exports = local;","        // require modules","        local.fs = require('fs');","        local.http = require('http');","        local.url = require('url');","        // init assets","        local.assetsDict = local.assetsDict || {};","        /* jslint-ignore-begin */","        local.assetsDict['/assets.index.template.html'] = '\\","<!doctype html>\\n\\","<html lang=\"en\">\\n\\","<head>\\n\\","<meta charset=\"UTF-8\">\\n\\","<meta name=\"viewport\" content=\"width=device-width, initial-scale=1\">\\n\\","<title>{{env.npm_package_name}} (v{{env.npm_package_version}})</title>\\n\\","<style>\\n\\","/*csslint\\n\\","    box-sizing: false,\\n\\","    universal-selector: false\\n\\","*/\\n\\","* {\\n\\","    box-sizing: border-box;\\n\\","}\\n\\","body {\\n\\","    background: #dde;\\n\\","    font-family: Arial, Helvetica, sans-serif;\\n\\","    margin: 2rem;\\n\\","}\\n\\","body > * {\\n\\","    margin-bottom: 1rem;\\n\\","}\\n\\",".utility2FooterDiv {\\n\\","    margin-top: 20px;\\n\\","    text-align: center;\\n\\","}\\n\\","</style>\\n\\","<style>\\n\\","/*csslint\\n\\","*/\\n\\","textarea {\\n\\","    font-family: monospace;\\n\\","    height: 10rem;\\n\\","    width: 100%;\\n\\","}\\n\\","textarea[readonly] {\\n\\","    background: #ddd;\\n\\","}\\n\\","</style>\\n\\","</head>\\n\\","<body>\\n\\","<!-- utility2-comment\\n\\","<div id=\"ajaxProgressDiv1\" style=\"background: #d00; height: 2px; left: 0; margin: 0; padding: 0; position: fixed; top: 0; transition: background 0.5s, width 1.5s; width: 25%;\"></div>\\n\\","utility2-comment -->\\n\\","<h1>\\n\\","<!-- utility2-comment\\n\\","    <a\\n\\","        {{#if env.npm_package_homepage}}\\n\\","        href=\"{{env.npm_package_homepage}}\"\\n\\","        {{/if env.npm_package_homepage}}\\n\\","        target=\"_blank\"\\n\\","    >\\n\\","utility2-comment -->\\n\\","        {{env.npm_package_name}} (v{{env.npm_package_version}})\\n\\","<!-- utility2-comment\\n\\","    </a>\\n\\","utility2-comment -->\\n\\","</h1>\\n\\","<h3>{{env.npm_package_description}}</h3>\\n\\","<!-- utility2-comment\\n\\","<h4><a download href=\"assets.app.js\">download standalone app</a></h4>\\n\\","<button class=\"onclick onreset\" id=\"testRunButton1\">run internal test</button><br>\\n\\","<div id=\"testReportDiv1\" style=\"display: none;\"></div>\\n\\","utility2-comment -->\\n\\","\\n\\","\\n\\","\\n\\","<label>stderr and stdout</label>\\n\\","<textarea class=\"resettable\" id=\"outputTextareaStdout1\" readonly></textarea>\\n\\","<!-- utility2-comment\\n\\","{{#if isRollup}}\\n\\","<script src=\"assets.app.js\"></script>\\n\\","{{#unless isRollup}}\\n\\","utility2-comment -->\\n\\","<script src=\"assets.utility2.rollup.js\"></script>\\n\\","<script src=\"jsonp.utility2._stateInit?callback=window.utility2._stateInit\"></script>\\n\\","<script src=\"assets.npmtest_tcomb.rollup.js\"></script>\\n\\","<script src=\"assets.example.js\"></script>\\n\\","<script src=\"assets.test.js\"></script>\\n\\","<!-- utility2-comment\\n\\","{{/if isRollup}}\\n\\","utility2-comment -->\\n\\","<div class=\"utility2FooterDiv\">\\n\\","    [ this app was created with\\n\\","    <a href=\"https://github.com/kaizhu256/node-utility2\" target=\"_blank\">utility2</a>\\n\\","    ]\\n\\","</div>\\n\\","</body>\\n\\","</html>\\n\\","';","        /* jslint-ignore-end */","        if (local.templateRender) {","            local.assetsDict['/'] = local.templateRender(","                local.assetsDict['/assets.index.template.html'],","                {","                    env: local.objectSetDefault(local.env, {","                        npm_package_description: 'the greatest app in the world!',","                        npm_package_name: 'my-app',","                        npm_package_nameAlias: 'my_app',","                        npm_package_version: '0.0.1'","                    })","                }","            );","        } else {","            local.assetsDict['/'] = local.assetsDict['/assets.index.template.html']","                .replace((/\\{\\{env\\.(\\w+?)\\}\\}/g), function (match0, match1) {","                    // jslint-hack","                    String(match0);","                    switch (match1) {","                    case 'npm_package_description':","                        return 'the greatest app in the world!';","                    case 'npm_package_name':","                        return 'my-app';","                    case 'npm_package_nameAlias':","                        return 'my_app';","                    case 'npm_package_version':","                        return '0.0.1';","                    }","                });","        }","        // run the cli","        if (local.global.utility2_rollup || module !== require.main) {","            break;","        }","        local.assetsDict['/assets.example.js'] =","            local.assetsDict['/assets.example.js'] ||","            local.fs.readFileSync(__filename, 'utf8');","        // bug-workaround - long $npm_package_buildCustomOrg","        /* jslint-ignore-begin */","        local.assetsDict['/assets.npmtest_tcomb.rollup.js'] =","            local.assetsDict['/assets.npmtest_tcomb.rollup.js'] ||","            local.fs.readFileSync(","                local.npmtest_tcomb.__dirname + '/lib.npmtest_tcomb.js',","                'utf8'","            ).replace((/^#!/), '//');","        /* jslint-ignore-end */","        local.assetsDict['/favicon.ico'] = local.assetsDict['/favicon.ico'] || '';","        // if $npm_config_timeout_exit exists,","        // then exit this process after $npm_config_timeout_exit ms","        if (Number(process.env.npm_config_timeout_exit)) {","            setTimeout(process.exit, Number(process.env.npm_config_timeout_exit));","        }","        // start server","        if (local.global.utility2_serverHttp1) {","            break;","        }","        process.env.PORT = process.env.PORT || '8081';","        console.error('server starting on port ' + process.env.PORT);","        local.http.createServer(function (request, response) {","            request.urlParsed = local.url.parse(request.url);","            if (local.assetsDict[request.urlParsed.pathname] !== undefined) {","                response.end(local.assetsDict[request.urlParsed.pathname]);","                return;","            }","            response.statusCode = 404;","            response.end();","        }).listen(process.env.PORT);","        break;","    }","}());",""],"l":{"26":2,"28":2,"33":2,"35":2,"37":2,"38":2,"39":2,"44":1,"51":2,"55":2,"59":2,"61":2,"69":1,"70":2,"76":2,"79":2,"82":2,"83":2,"85":1,"89":2,"92":1,"93":1,"94":1,"96":1,"97":1,"100":1,"101":1,"103":1,"106":1,"108":2,"114":1,"116":1,"118":1,"123":1,"124":2,"125":2,"126":3,"127":3,"128":3,"129":3,"130":1,"133":3,"134":3,"139":3,"143":1,"144":3,"145":1,"149":1,"150":1,"158":1,"160":1,"161":1,"162":1,"164":1,"166":1,"258":1,"259":1,"271":1,"274":6,"275":6,"277":1,"279":2,"281":1,"283":2,"288":1,"289":1,"291":1,"296":1,"303":1,"306":1,"307":1,"310":1,"311":1,"313":1,"314":1,"315":1,"316":1,"317":1,"318":1,"319":1,"321":1,"322":1,"324":1}},"/home/travis/build/npmtest/node-npmtest-tcomb/node_modules/tcomb/index.js":{"path":"/home/travis/build/npmtest/node-npmtest-tcomb/node_modules/tcomb/index.js","s":{"1":2,"2":2,"3":2,"4":2,"5":2,"6":2,"7":2,"8":2,"9":2,"10":2,"11":2,"12":2,"13":2,"14":2,"15":2,"16":2,"17":2,"18":2,"19":2,"20":2,"21":2,"22":2,"23":2,"24":2,"25":2,"26":2,"27":2,"28":2,"29":2,"30":2,"31":2,"32":2,"33":2,"34":0,"35":0,"36":0,"37":0,"38":0,"39":0,"40":0,"41":0,"42":0,"43":0,"44":0,"45":0,"46":0,"47":0,"48":0},"b":{},"f":{},"fnMap":{},"statementMap":{"1":{"start":{"line":12,"column":0},"end":{"line":12,"column":32}},"2":{"start":{"line":15,"column":0},"end":{"line":15,"column":29}},"3":{"start":{"line":16,"column":0},"end":{"line":16,"column":33}},"4":{"start":{"line":17,"column":0},"end":{"line":17,"column":37}},"5":{"start":{"line":18,"column":0},"end":{"line":18,"column":31}},"6":{"start":{"line":19,"column":0},"end":{"line":19,"column":33}},"7":{"start":{"line":20,"column":0},"end":{"line":20,"column":39}},"8":{"start":{"line":21,"column":0},"end":{"line":21,"column":29}},"9":{"start":{"line":22,"column":0},"end":{"line":22,"column":35}},"10":{"start":{"line":23,"column":0},"end":{"line":23,"column":37}},"11":{"start":{"line":24,"column":0},"end":{"line":24,"column":23}},"12":{"start":{"line":25,"column":0},"end":{"line":25,"column":35}},"13":{"start":{"line":26,"column":0},"end":{"line":26,"column":35}},"14":{"start":{"line":27,"column":0},"end":{"line":27,"column":35}},"15":{"start":{"line":28,"column":0},"end":{"line":28,"column":31}},"16":{"start":{"line":29,"column":0},"end":{"line":29,"column":17}},"17":{"start":{"line":32,"column":0},"end":{"line":32,"column":16}},"18":{"start":{"line":33,"column":0},"end":{"line":33,"column":19}},"19":{"start":{"line":34,"column":0},"end":{"line":34,"column":15}},"20":{"start":{"line":35,"column":0},"end":{"line":35,"column":16}},"21":{"start":{"line":36,"column":0},"end":{"line":36,"column":20}},"22":{"start":{"line":37,"column":0},"end":{"line":37,"column":17}},"23":{"start":{"line":38,"column":0},"end":{"line":38,"column":17}},"24":{"start":{"line":39,"column":0},"end":{"line":39,"column":16}},"25":{"start":{"line":40,"column":0},"end":{"line":40,"column":17}},"26":{"start":{"line":43,"column":0},"end":{"line":43,"column":31}},"27":{"start":{"line":44,"column":0},"end":{"line":44,"column":37}},"28":{"start":{"line":45,"column":0},"end":{"line":45,"column":33}},"29":{"start":{"line":46,"column":0},"end":{"line":46,"column":45}},"30":{"start":{"line":47,"column":0},"end":{"line":47,"column":31}},"31":{"start":{"line":48,"column":0},"end":{"line":48,"column":33}},"32":{"start":{"line":49,"column":0},"end":{"line":49,"column":43}},"33":{"start":{"line":50,"column":0},"end":{"line":50,"column":35}},"34":{"start":{"line":51,"column":0},"end":{"line":51,"column":33}},"35":{"start":{"line":52,"column":0},"end":{"line":52,"column":33}},"36":{"start":{"line":53,"column":0},"end":{"line":53,"column":31}},"37":{"start":{"line":54,"column":0},"end":{"line":54,"column":47}},"38":{"start":{"line":55,"column":0},"end":{"line":55,"column":25}},"39":{"start":{"line":56,"column":0},"end":{"line":56,"column":37}},"40":{"start":{"line":57,"column":0},"end":{"line":57,"column":25}},"41":{"start":{"line":60,"column":0},"end":{"line":60,"column":13}},"42":{"start":{"line":61,"column":0},"end":{"line":61,"column":35}},"43":{"start":{"line":62,"column":0},"end":{"line":62,"column":33}},"44":{"start":{"line":63,"column":0},"end":{"line":63,"column":35}},"45":{"start":{"line":64,"column":0},"end":{"line":64,"column":27}},"46":{"start":{"line":65,"column":0},"end":{"line":65,"column":45}},"47":{"start":{"line":66,"column":0},"end":{"line":66,"column":33}},"48":{"start":{"line":68,"column":0},"end":{"line":68,"column":19}}},"branchMap":{},"code":["/*! @preserve"," *"," * tcomb.js - Type checking and DDD for JavaScript"," *"," * The MIT License (MIT)"," *"," * Copyright (c) 2014-2016 Giulio Canti"," *"," */","","// core","var t = require('./lib/assert');","","// types","t.Any = require('./lib/Any');","t.Array = require('./lib/Array');","t.Boolean = require('./lib/Boolean');","t.Date = require('./lib/Date');","t.Error = require('./lib/Error');","t.Function = require('./lib/Function');","t.Nil = require('./lib/Nil');","t.Number = require('./lib/Number');","t.Integer = require('./lib/Integer');","t.IntegerT = t.Integer;","t.Object = require('./lib/Object');","t.RegExp = require('./lib/RegExp');","t.String = require('./lib/String');","t.Type = require('./lib/Type');","t.TypeT = t.Type;","","// short alias are deprecated","t.Arr = t.Array;","t.Bool = t.Boolean;","t.Dat = t.Date;","t.Err = t.Error;","t.Func = t.Function;","t.Num = t.Number;","t.Obj = t.Object;","t.Re = t.RegExp;","t.Str = t.String;","","// combinators","t.dict = require('./lib/dict');","t.declare = require('./lib/declare');","t.enums = require('./lib/enums');","t.irreducible = require('./lib/irreducible');","t.list = require('./lib/list');","t.maybe = require('./lib/maybe');","t.refinement = require('./lib/refinement');","t.struct = require('./lib/struct');","t.tuple = require('./lib/tuple');","t.union = require('./lib/union');","t.func = require('./lib/func');","t.intersection = require('./lib/intersection');","t.subtype = t.refinement;","t.inter = require('./lib/interface'); // IE8 alias","t['interface'] = t.inter;","","// functions","t.assert = t;","t.update = require('./lib/update');","t.mixin = require('./lib/mixin');","t.isType = require('./lib/isType');","t.is = require('./lib/is');","t.getTypeName = require('./lib/getTypeName');","t.match = require('./lib/match');","","module.exports = t;",""],"l":{"12":2,"15":2,"16":2,"17":2,"18":2,"19":2,"20":2,"21":2,"22":2,"23":2,"24":2,"25":2,"26":2,"27":2,"28":2,"29":2,"32":2,"33":2,"34":2,"35":2,"36":2,"37":2,"38":2,"39":2,"40":2,"43":2,"44":2,"45":2,"46":2,"47":2,"48":2,"49":2,"50":2,"51":0,"52":0,"53":0,"54":0,"55":0,"56":0,"57":0,"60":0,"61":0,"62":0,"63":0,"64":0,"65":0,"66":0,"68":0}},"/home/travis/build/npmtest/node-npmtest-tcomb/node_modules/tcomb/lib/assert.js":{"path":"/home/travis/build/npmtest/node-npmtest-tcomb/node_modules/tcomb/lib/assert.js","s":{"1":1,"2":1,"3":1,"4":1,"5":1,"6":28,"7":0,"8":0,"9":0,"10":0,"11":0,"12":1,"13":1,"14":1},"b":{"1":[0,28],"2":[0,0],"3":[0,0]},"f":{"1":28},"fnMap":{"1":{"name":"assert","line":6,"loc":{"start":{"line":6,"column":0},"end":{"line":6,"column":32}}}},"statementMap":{"1":{"start":{"line":1,"column":0},"end":{"line":1,"column":41}},"2":{"start":{"line":2,"column":0},"end":{"line":2,"column":31}},"3":{"start":{"line":3,"column":0},"end":{"line":3,"column":29}},"4":{"start":{"line":4,"column":0},"end":{"line":4,"column":39}},"5":{"start":{"line":6,"column":0},"end":{"line":16,"column":1}},"6":{"start":{"line":7,"column":2},"end":{"line":15,"column":3}},"7":{"start":{"line":8,"column":4},"end":{"line":13,"column":5}},"8":{"start":{"line":9,"column":6},"end":{"line":9,"column":26}},"9":{"start":{"line":11,"column":9},"end":{"line":13,"column":5}},"10":{"start":{"line":12,"column":6},"end":{"line":12,"column":85}},"11":{"start":{"line":14,"column":4},"end":{"line":14,"column":25}},"12":{"start":{"line":18,"column":0},"end":{"line":18,"column":19}},"13":{"start":{"line":19,"column":0},"end":{"line":19,"column":29}},"14":{"start":{"line":21,"column":0},"end":{"line":21,"column":24}}},"branchMap":{"1":{"line":7,"type":"if","locations":[{"start":{"line":7,"column":2},"end":{"line":7,"column":2}},{"start":{"line":7,"column":2},"end":{"line":7,"column":2}}]},"2":{"line":8,"type":"if","locations":[{"start":{"line":8,"column":4},"end":{"line":8,"column":4}},{"start":{"line":8,"column":4},"end":{"line":8,"column":4}}]},"3":{"line":11,"type":"if","locations":[{"start":{"line":11,"column":9},"end":{"line":11,"column":9}},{"start":{"line":11,"column":9},"end":{"line":11,"column":9}}]}},"code":["var isFunction = require('./isFunction');","var isNil = require('./isNil');","var fail = require('./fail');","var stringify = require('./stringify');","","function assert(guard, message) {","  if (guard !== true) {","    if (isFunction(message)) { // handle lazy messages","      message = message();","    }","    else if (isNil(message)) { // use a default message","      message = 'Assert failed (turn on \"Pause on exceptions\" in your Source panel)';","    }","    assert.fail(message);","  }","}","","assert.fail = fail;","assert.stringify = stringify;","","module.exports = assert;"],"l":{"1":1,"2":1,"3":1,"4":1,"6":1,"7":28,"8":0,"9":0,"11":0,"12":0,"14":0,"18":1,"19":1,"21":1}},"/home/travis/build/npmtest/node-npmtest-tcomb/node_modules/tcomb/lib/isFunction.js":{"path":"/home/travis/build/npmtest/node-npmtest-tcomb/node_modules/tcomb/lib/isFunction.js","s":{"1":1,"2":15},"b":{},"f":{"1":15},"fnMap":{"1":{"name":"isFunction","line":1,"loc":{"start":{"line":1,"column":17},"end":{"line":1,"column":40}}}},"statementMap":{"1":{"start":{"line":1,"column":0},"end":{"line":3,"column":2}},"2":{"start":{"line":2,"column":2},"end":{"line":2,"column":33}}},"branchMap":{},"code":["module.exports = function isFunction(x) {","  return typeof x === 'function';","};"],"l":{"1":1,"2":15}},"/home/travis/build/npmtest/node-npmtest-tcomb/node_modules/tcomb/lib/isNil.js":{"path":"/home/travis/build/npmtest/node-npmtest-tcomb/node_modules/tcomb/lib/isNil.js","s":{"1":1,"2":2},"b":{"1":[2,2]},"f":{"1":2},"fnMap":{"1":{"name":"isNil","line":1,"loc":{"start":{"line":1,"column":17},"end":{"line":1,"column":35}}}},"statementMap":{"1":{"start":{"line":1,"column":0},"end":{"line":3,"column":2}},"2":{"start":{"line":2,"column":2},"end":{"line":2,"column":36}}},"branchMap":{"1":{"line":2,"type":"binary-expr","locations":[{"start":{"line":2,"column":9},"end":{"line":2,"column":19}},{"start":{"line":2,"column":23},"end":{"line":2,"column":35}}]}},"code":["module.exports = function isNil(x) {","  return x === null || x === void 0;","};"],"l":{"1":1,"2":2}},"/home/travis/build/npmtest/node-npmtest-tcomb/node_modules/tcomb/lib/fail.js":{"path":"/home/travis/build/npmtest/node-npmtest-tcomb/node_modules/tcomb/lib/fail.js","s":{"1":1,"2":0},"b":{},"f":{"1":0},"fnMap":{"1":{"name":"fail","line":1,"loc":{"start":{"line":1,"column":17},"end":{"line":1,"column":40}}}},"statementMap":{"1":{"start":{"line":1,"column":0},"end":{"line":3,"column":2}},"2":{"start":{"line":2,"column":2},"end":{"line":2,"column":44}}},"branchMap":{},"code":["module.exports = function fail(message) {","  throw new TypeError('[tcomb] ' + message);","};"],"l":{"1":1,"2":0}},"/home/travis/build/npmtest/node-npmtest-tcomb/node_modules/tcomb/lib/stringify.js":{"path":"/home/travis/build/npmtest/node-npmtest-tcomb/node_modules/tcomb/lib/stringify.js","s":{"1":1,"2":1,"3":12,"4":12,"5":0,"6":1,"7":12,"8":12,"9":0},"b":{"1":[12,0]},"f":{"1":12,"2":12},"fnMap":{"1":{"name":"replacer","line":3,"loc":{"start":{"line":3,"column":0},"end":{"line":3,"column":30}}},"2":{"name":"stringify","line":10,"loc":{"start":{"line":10,"column":17},"end":{"line":10,"column":39}}}},"statementMap":{"1":{"start":{"line":1,"column":0},"end":{"line":1,"column":51}},"2":{"start":{"line":3,"column":0},"end":{"line":8,"column":1}},"3":{"start":{"line":4,"column":2},"end":{"line":6,"column":3}},"4":{"start":{"line":5,"column":4},"end":{"line":5,"column":34}},"5":{"start":{"line":7,"column":2},"end":{"line":7,"column":15}},"6":{"start":{"line":10,"column":0},"end":{"line":17,"column":2}},"7":{"start":{"line":11,"column":2},"end":{"line":16,"column":3}},"8":{"start":{"line":12,"column":4},"end":{"line":12,"column":42}},"9":{"start":{"line":15,"column":4},"end":{"line":15,"column":21}}},"branchMap":{"1":{"line":4,"type":"if","locations":[{"start":{"line":4,"column":2},"end":{"line":4,"column":2}},{"start":{"line":4,"column":2},"end":{"line":4,"column":2}}]}},"code":["var getFunctionName = require('./getFunctionName');","","function replacer(key, value) {","  if (typeof value === 'function') {","    return getFunctionName(value);","  }","  return value;","}","","module.exports = function stringify(x) {","  try { // handle \"Converting circular structure to JSON\" error","    return JSON.stringify(x, replacer, 2);","  }","  catch (e) {","    return String(x);","  }","};"],"l":{"1":1,"3":1,"4":12,"5":12,"7":0,"10":1,"11":12,"12":12,"15":0}},"/home/travis/build/npmtest/node-npmtest-tcomb/node_modules/tcomb/lib/getFunctionName.js":{"path":"/home/travis/build/npmtest/node-npmtest-tcomb/node_modules/tcomb/lib/getFunctionName.js","s":{"1":1,"2":12},"b":{"1":[12,12,4]},"f":{"1":12},"fnMap":{"1":{"name":"getFunctionName","line":1,"loc":{"start":{"line":1,"column":17},"end":{"line":1,"column":45}}}},"statementMap":{"1":{"start":{"line":1,"column":0},"end":{"line":3,"column":2}},"2":{"start":{"line":2,"column":2},"end":{"line":2,"column":65}}},"branchMap":{"1":{"line":2,"type":"binary-expr","locations":[{"start":{"line":2,"column":9},"end":{"line":2,"column":22}},{"start":{"line":2,"column":26},"end":{"line":2,"column":32}},{"start":{"line":2,"column":36},"end":{"line":2,"column":64}}]}},"code":["module.exports = function getFunctionName(f) {","  return f.displayName || f.name || '<function' + f.length + '>';","};"],"l":{"1":1,"2":12}},"/home/travis/build/npmtest/node-npmtest-tcomb/node_modules/tcomb/lib/Any.js":{"path":"/home/travis/build/npmtest/node-npmtest-tcomb/node_modules/tcomb/lib/Any.js","s":{"1":1,"2":1,"3":0},"b":{},"f":{"1":0},"fnMap":{"1":{"name":"(anonymous_1)","line":3,"loc":{"start":{"line":3,"column":36},"end":{"line":3,"column":48}}}},"statementMap":{"1":{"start":{"line":1,"column":0},"end":{"line":1,"column":43}},"2":{"start":{"line":3,"column":0},"end":{"line":3,"column":66}},"3":{"start":{"line":3,"column":50},"end":{"line":3,"column":62}}},"branchMap":{},"code":["var irreducible = require('./irreducible');","","module.exports = irreducible('Any', function () { return true; });",""],"l":{"1":1,"3":1}},"/home/travis/build/npmtest/node-npmtest-tcomb/node_modules/tcomb/lib/irreducible.js":{"path":"/home/travis/build/npmtest/node-npmtest-tcomb/node_modules/tcomb/lib/irreducible.js","s":{"1":1,"2":1,"3":1,"4":1,"5":1,"6":12,"7":12,"8":0,"9":12,"10":1,"11":0,"12":0,"13":0,"14":0,"15":0,"16":0,"17":12,"18":12,"19":12,"20":12},"b":{"1":[12,0],"2":[0,0],"3":[0,0]},"f":{"1":12,"2":0,"3":0,"4":0},"fnMap":{"1":{"name":"irreducible","line":6,"loc":{"start":{"line":6,"column":17},"end":{"line":6,"column":55}}},"2":{"name":"(anonymous_2)","line":9,"loc":{"start":{"line":9,"column":27},"end":{"line":9,"column":39}}},"3":{"name":"Irreducible","line":13,"loc":{"start":{"line":13,"column":2},"end":{"line":13,"column":36}}},"4":{"name":"(anonymous_4)","line":18,"loc":{"start":{"line":18,"column":31},"end":{"line":18,"column":43}}}},"statementMap":{"1":{"start":{"line":1,"column":0},"end":{"line":1,"column":33}},"2":{"start":{"line":2,"column":0},"end":{"line":2,"column":37}},"3":{"start":{"line":3,"column":0},"end":{"line":3,"column":41}},"4":{"start":{"line":4,"column":0},"end":{"line":4,"column":55}},"5":{"start":{"line":6,"column":0},"end":{"line":36,"column":2}},"6":{"start":{"line":8,"column":2},"end":{"line":11,"column":3}},"7":{"start":{"line":9,"column":4},"end":{"line":9,"column":168}},"8":{"start":{"line":9,"column":41},"end":{"line":9,"column":164}},"9":{"start":{"line":10,"column":4},"end":{"line":10,"column":163}},"10":{"start":{"line":13,"column":2},"end":{"line":22,"column":3}},"11":{"start":{"line":15,"column":4},"end":{"line":19,"column":5}},"12":{"start":{"line":16,"column":6},"end":{"line":16,"column":43}},"13":{"start":{"line":17,"column":6},"end":{"line":17,"column":28}},"14":{"start":{"line":18,"column":6},"end":{"line":18,"column":134}},"15":{"start":{"line":18,"column":45},"end":{"line":18,"column":130}},"16":{"start":{"line":21,"column":4},"end":{"line":21,"column":17}},"17":{"start":{"line":24,"column":2},"end":{"line":29,"column":4}},"18":{"start":{"line":31,"column":2},"end":{"line":31,"column":33}},"19":{"start":{"line":33,"column":2},"end":{"line":33,"column":29}},"20":{"start":{"line":35,"column":2},"end":{"line":35,"column":21}}},"branchMap":{"1":{"line":8,"type":"if","locations":[{"start":{"line":8,"column":2},"end":{"line":8,"column":2}},{"start":{"line":8,"column":2},"end":{"line":8,"column":2}}]},"2":{"line":15,"type":"if","locations":[{"start":{"line":15,"column":4},"end":{"line":15,"column":4}},{"start":{"line":15,"column":4},"end":{"line":15,"column":4}}]},"3":{"line":17,"type":"binary-expr","locations":[{"start":{"line":17,"column":13},"end":{"line":17,"column":17}},{"start":{"line":17,"column":21},"end":{"line":17,"column":27}}]}},"code":["var assert = require('./assert');","var isString = require('./isString');","var isFunction = require('./isFunction');","var forbidNewOperator = require('./forbidNewOperator');","","module.exports = function irreducible(name, predicate) {","","  if (process.env.NODE_ENV !== 'production') {","    assert(isString(name), function () { return 'Invalid argument name ' + assert.stringify(name) + ' supplied to irreducible(name, predicate) (expected a string)'; });","    assert(isFunction(predicate), 'Invalid argument predicate ' + assert.stringify(predicate) + ' supplied to irreducible(name, predicate) (expected a function)');","  }","","  function Irreducible(value, path) {","","    if (process.env.NODE_ENV !== 'production') {","      forbidNewOperator(this, Irreducible);","      path = path || [name];","      assert(predicate(value), function () { return 'Invalid value ' + assert.stringify(value) + ' supplied to ' + path.join('/'); });","    }","","    return value;","  }","","  Irreducible.meta = {","    kind: 'irreducible',","    name: name,","    predicate: predicate,","    identity: true","  };","","  Irreducible.displayName = name;","","  Irreducible.is = predicate;","","  return Irreducible;","};",""],"l":{"1":1,"2":1,"3":1,"4":1,"6":1,"8":12,"9":12,"10":12,"13":1,"15":0,"16":0,"17":0,"18":0,"21":0,"24":12,"31":12,"33":12,"35":12}},"/home/travis/build/npmtest/node-npmtest-tcomb/node_modules/tcomb/lib/isString.js":{"path":"/home/travis/build/npmtest/node-npmtest-tcomb/node_modules/tcomb/lib/isString.js","s":{"1":1,"2":13},"b":{},"f":{"1":13},"fnMap":{"1":{"name":"isString","line":1,"loc":{"start":{"line":1,"column":17},"end":{"line":1,"column":38}}}},"statementMap":{"1":{"start":{"line":1,"column":0},"end":{"line":3,"column":2}},"2":{"start":{"line":2,"column":2},"end":{"line":2,"column":31}}},"branchMap":{},"code":["module.exports = function isString(x) {","  return typeof x === 'string';","};"],"l":{"1":1,"2":13}},"/home/travis/build/npmtest/node-npmtest-tcomb/node_modules/tcomb/lib/forbidNewOperator.js":{"path":"/home/travis/build/npmtest/node-npmtest-tcomb/node_modules/tcomb/lib/forbidNewOperator.js","s":{"1":1,"2":1,"3":1,"4":0,"5":0},"b":{},"f":{"1":0,"2":0},"fnMap":{"1":{"name":"forbidNewOperator","line":4,"loc":{"start":{"line":4,"column":17},"end":{"line":4,"column":53}}},"2":{"name":"(anonymous_2)","line":5,"loc":{"start":{"line":5,"column":31},"end":{"line":5,"column":43}}}},"statementMap":{"1":{"start":{"line":1,"column":0},"end":{"line":1,"column":33}},"2":{"start":{"line":2,"column":0},"end":{"line":2,"column":43}},"3":{"start":{"line":4,"column":0},"end":{"line":6,"column":2}},"4":{"start":{"line":5,"column":2},"end":{"line":5,"column":131}},"5":{"start":{"line":5,"column":45},"end":{"line":5,"column":127}}},"branchMap":{},"code":["var assert = require('./assert');","var getTypeName = require('./getTypeName');","","module.exports = function forbidNewOperator(x, type) {","  assert(!(x instanceof type), function () { return 'Cannot use the new operator to instantiate the type ' + getTypeName(type); });","};"],"l":{"1":1,"2":1,"4":1,"5":0}},"/home/travis/build/npmtest/node-npmtest-tcomb/node_modules/tcomb/lib/getTypeName.js":{"path":"/home/travis/build/npmtest/node-npmtest-tcomb/node_modules/tcomb/lib/getTypeName.js","s":{"1":1,"2":1,"3":1,"4":0,"5":0,"6":0},"b":{"1":[0,0]},"f":{"1":0},"fnMap":{"1":{"name":"getTypeName","line":4,"loc":{"start":{"line":4,"column":17},"end":{"line":4,"column":44}}}},"statementMap":{"1":{"start":{"line":1,"column":0},"end":{"line":1,"column":33}},"2":{"start":{"line":2,"column":0},"end":{"line":2,"column":51}},"3":{"start":{"line":4,"column":0},"end":{"line":9,"column":2}},"4":{"start":{"line":5,"column":2},"end":{"line":7,"column":3}},"5":{"start":{"line":6,"column":4},"end":{"line":6,"column":28}},"6":{"start":{"line":8,"column":2},"end":{"line":8,"column":31}}},"branchMap":{"1":{"line":5,"type":"if","locations":[{"start":{"line":5,"column":2},"end":{"line":5,"column":2}},{"start":{"line":5,"column":2},"end":{"line":5,"column":2}}]}},"code":["var isType = require('./isType');","var getFunctionName = require('./getFunctionName');","","module.exports = function getTypeName(ctor) {","  if (isType(ctor)) {","    return ctor.displayName;","  }","  return getFunctionName(ctor);","};"],"l":{"1":1,"2":1,"4":1,"5":0,"6":0,"8":0}},"/home/travis/build/npmtest/node-npmtest-tcomb/node_modules/tcomb/lib/isType.js":{"path":"/home/travis/build/npmtest/node-npmtest-tcomb/node_modules/tcomb/lib/isType.js","s":{"1":1,"2":1,"3":1,"4":1},"b":{"1":[1,1]},"f":{"1":1},"fnMap":{"1":{"name":"isType","line":4,"loc":{"start":{"line":4,"column":17},"end":{"line":4,"column":36}}}},"statementMap":{"1":{"start":{"line":1,"column":0},"end":{"line":1,"column":41}},"2":{"start":{"line":2,"column":0},"end":{"line":2,"column":37}},"3":{"start":{"line":4,"column":0},"end":{"line":6,"column":2}},"4":{"start":{"line":5,"column":2},"end":{"line":5,"column":43}}},"branchMap":{"1":{"line":5,"type":"binary-expr","locations":[{"start":{"line":5,"column":9},"end":{"line":5,"column":22}},{"start":{"line":5,"column":26},"end":{"line":5,"column":42}}]}},"code":["var isFunction = require('./isFunction');","var isObject = require('./isObject');","","module.exports = function isType(x) {","  return isFunction(x) && isObject(x.meta);","};"],"l":{"1":1,"2":1,"4":1,"5":1}},"/home/travis/build/npmtest/node-npmtest-tcomb/node_modules/tcomb/lib/isObject.js":{"path":"/home/travis/build/npmtest/node-npmtest-tcomb/node_modules/tcomb/lib/isObject.js","s":{"1":1,"2":1,"3":1,"4":1},"b":{"1":[1,1,1]},"f":{"1":1},"fnMap":{"1":{"name":"isObject","line":4,"loc":{"start":{"line":4,"column":17},"end":{"line":4,"column":38}}}},"statementMap":{"1":{"start":{"line":1,"column":0},"end":{"line":1,"column":31}},"2":{"start":{"line":2,"column":0},"end":{"line":2,"column":35}},"3":{"start":{"line":4,"column":0},"end":{"line":6,"column":2}},"4":{"start":{"line":5,"column":2},"end":{"line":5,"column":59}}},"branchMap":{"1":{"line":5,"type":"binary-expr","locations":[{"start":{"line":5,"column":9},"end":{"line":5,"column":18}},{"start":{"line":5,"column":22},"end":{"line":5,"column":43}},{"start":{"line":5,"column":47},"end":{"line":5,"column":58}}]}},"code":["var isNil = require('./isNil');","var isArray = require('./isArray');","","module.exports = function isObject(x) {","  return !isNil(x) && typeof x === 'object' && !isArray(x);","};"],"l":{"1":1,"2":1,"4":1,"5":1}},"/home/travis/build/npmtest/node-npmtest-tcomb/node_modules/tcomb/lib/isArray.js":{"path":"/home/travis/build/npmtest/node-npmtest-tcomb/node_modules/tcomb/lib/isArray.js","s":{"1":1,"2":1},"b":{"1":[1,0]},"f":{"1":1},"fnMap":{"1":{"name":"isArray","line":1,"loc":{"start":{"line":1,"column":17},"end":{"line":1,"column":37}}}},"statementMap":{"1":{"start":{"line":1,"column":0},"end":{"line":3,"column":2}},"2":{"start":{"line":2,"column":2},"end":{"line":2,"column":63}}},"branchMap":{"1":{"line":2,"type":"cond-expr","locations":[{"start":{"line":2,"column":25},"end":{"line":2,"column":41}},{"start":{"line":2,"column":44},"end":{"line":2,"column":62}}]}},"code":["module.exports = function isArray(x) {","  return Array.isArray ? Array.isArray(x) : x instanceof Array;","};"],"l":{"1":1,"2":1}},"/home/travis/build/npmtest/node-npmtest-tcomb/node_modules/tcomb/lib/Array.js":{"path":"/home/travis/build/npmtest/node-npmtest-tcomb/node_modules/tcomb/lib/Array.js","s":{"1":1,"2":1,"3":1},"b":{},"f":{},"fnMap":{},"statementMap":{"1":{"start":{"line":1,"column":0},"end":{"line":1,"column":43}},"2":{"start":{"line":2,"column":0},"end":{"line":2,"column":35}},"3":{"start":{"line":4,"column":0},"end":{"line":4,"column":47}}},"branchMap":{},"code":["var irreducible = require('./irreducible');","var isArray = require('./isArray');","","module.exports = irreducible('Array', isArray);",""],"l":{"1":1,"2":1,"4":1}},"/home/travis/build/npmtest/node-npmtest-tcomb/node_modules/tcomb/lib/Boolean.js":{"path":"/home/travis/build/npmtest/node-npmtest-tcomb/node_modules/tcomb/lib/Boolean.js","s":{"1":1,"2":1,"3":1},"b":{},"f":{},"fnMap":{},"statementMap":{"1":{"start":{"line":1,"column":0},"end":{"line":1,"column":43}},"2":{"start":{"line":2,"column":0},"end":{"line":2,"column":39}},"3":{"start":{"line":4,"column":0},"end":{"line":4,"column":51}}},"branchMap":{},"code":["var irreducible = require('./irreducible');","var isBoolean = require('./isBoolean');","","module.exports = irreducible('Boolean', isBoolean);",""],"l":{"1":1,"2":1,"4":1}},"/home/travis/build/npmtest/node-npmtest-tcomb/node_modules/tcomb/lib/isBoolean.js":{"path":"/home/travis/build/npmtest/node-npmtest-tcomb/node_modules/tcomb/lib/isBoolean.js","s":{"1":1,"2":1},"b":{"1":[1,0]},"f":{"1":1},"fnMap":{"1":{"name":"isBoolean","line":1,"loc":{"start":{"line":1,"column":17},"end":{"line":1,"column":39}}}},"statementMap":{"1":{"start":{"line":1,"column":0},"end":{"line":3,"column":2}},"2":{"start":{"line":2,"column":2},"end":{"line":2,"column":35}}},"branchMap":{"1":{"line":2,"type":"binary-expr","locations":[{"start":{"line":2,"column":9},"end":{"line":2,"column":19}},{"start":{"line":2,"column":23},"end":{"line":2,"column":34}}]}},"code":["module.exports = function isBoolean(x) {","  return x === true || x === false;","};"],"l":{"1":1,"2":1}},"/home/travis/build/npmtest/node-npmtest-tcomb/node_modules/tcomb/lib/Date.js":{"path":"/home/travis/build/npmtest/node-npmtest-tcomb/node_modules/tcomb/lib/Date.js","s":{"1":1,"2":1,"3":0},"b":{},"f":{"1":0},"fnMap":{"1":{"name":"(anonymous_1)","line":3,"loc":{"start":{"line":3,"column":37},"end":{"line":3,"column":50}}}},"statementMap":{"1":{"start":{"line":1,"column":0},"end":{"line":1,"column":43}},"2":{"start":{"line":3,"column":0},"end":{"line":3,"column":81}},"3":{"start":{"line":3,"column":52},"end":{"line":3,"column":77}}},"branchMap":{},"code":["var irreducible = require('./irreducible');","","module.exports = irreducible('Date', function (x) { return x instanceof Date; });",""],"l":{"1":1,"3":1}},"/home/travis/build/npmtest/node-npmtest-tcomb/node_modules/tcomb/lib/Error.js":{"path":"/home/travis/build/npmtest/node-npmtest-tcomb/node_modules/tcomb/lib/Error.js","s":{"1":1,"2":1,"3":0},"b":{},"f":{"1":0},"fnMap":{"1":{"name":"(anonymous_1)","line":3,"loc":{"start":{"line":3,"column":38},"end":{"line":3,"column":51}}}},"statementMap":{"1":{"start":{"line":1,"column":0},"end":{"line":1,"column":43}},"2":{"start":{"line":3,"column":0},"end":{"line":3,"column":83}},"3":{"start":{"line":3,"column":53},"end":{"line":3,"column":79}}},"branchMap":{},"code":["var irreducible = require('./irreducible');","","module.exports = irreducible('Error', function (x) { return x instanceof Error; });",""],"l":{"1":1,"3":1}},"/home/travis/build/npmtest/node-npmtest-tcomb/node_modules/tcomb/lib/Function.js":{"path":"/home/travis/build/npmtest/node-npmtest-tcomb/node_modules/tcomb/lib/Function.js","s":{"1":1,"2":1,"3":1},"b":{},"f":{},"fnMap":{},"statementMap":{"1":{"start":{"line":1,"column":0},"end":{"line":1,"column":43}},"2":{"start":{"line":2,"column":0},"end":{"line":2,"column":41}},"3":{"start":{"line":4,"column":0},"end":{"line":4,"column":53}}},"branchMap":{},"code":["var irreducible = require('./irreducible');","var isFunction = require('./isFunction');","","module.exports = irreducible('Function', isFunction);",""],"l":{"1":1,"2":1,"4":1}},"/home/travis/build/npmtest/node-npmtest-tcomb/node_modules/tcomb/lib/Nil.js":{"path":"/home/travis/build/npmtest/node-npmtest-tcomb/node_modules/tcomb/lib/Nil.js","s":{"1":1,"2":1,"3":1},"b":{},"f":{},"fnMap":{},"statementMap":{"1":{"start":{"line":1,"column":0},"end":{"line":1,"column":43}},"2":{"start":{"line":2,"column":0},"end":{"line":2,"column":31}},"3":{"start":{"line":4,"column":0},"end":{"line":4,"column":43}}},"branchMap":{},"code":["var irreducible = require('./irreducible');","var isNil = require('./isNil');","","module.exports = irreducible('Nil', isNil);",""],"l":{"1":1,"2":1,"4":1}},"/home/travis/build/npmtest/node-npmtest-tcomb/node_modules/tcomb/lib/Number.js":{"path":"/home/travis/build/npmtest/node-npmtest-tcomb/node_modules/tcomb/lib/Number.js","s":{"1":1,"2":1,"3":1},"b":{},"f":{},"fnMap":{},"statementMap":{"1":{"start":{"line":1,"column":0},"end":{"line":1,"column":43}},"2":{"start":{"line":2,"column":0},"end":{"line":2,"column":37}},"3":{"start":{"line":4,"column":0},"end":{"line":4,"column":49}}},"branchMap":{},"code":["var irreducible = require('./irreducible');","var isNumber = require('./isNumber');","","module.exports = irreducible('Number', isNumber);",""],"l":{"1":1,"2":1,"4":1}},"/home/travis/build/npmtest/node-npmtest-tcomb/node_modules/tcomb/lib/isNumber.js":{"path":"/home/travis/build/npmtest/node-npmtest-tcomb/node_modules/tcomb/lib/isNumber.js","s":{"1":1,"2":0},"b":{"1":[0,0,0]},"f":{"1":0},"fnMap":{"1":{"name":"isNumber","line":1,"loc":{"start":{"line":1,"column":17},"end":{"line":1,"column":38}}}},"statementMap":{"1":{"start":{"line":1,"column":0},"end":{"line":3,"column":2}},"2":{"start":{"line":2,"column":2},"end":{"line":2,"column":59}}},"branchMap":{"1":{"line":2,"type":"binary-expr","locations":[{"start":{"line":2,"column":9},"end":{"line":2,"column":30}},{"start":{"line":2,"column":34},"end":{"line":2,"column":45}},{"start":{"line":2,"column":49},"end":{"line":2,"column":58}}]}},"code":["module.exports = function isNumber(x) {","  return typeof x === 'number' && isFinite(x)
[...]
build/npmtest/node-npmtest-tcomb/node_modules/tcomb/lib/update.js":{"path":"/home/travis/build/npmtest/node-npmtest-tcomb/node_modules/tcomb/lib/update.js","s":{"1":1,"2":1,"3":1,"4":1,"5":1,"6":1,"7":1,"8":0,"9":0,"10":0,"11":0,"12":0,"13":0,"14":0,"15":1,"16":0,"17":1,"18":0,"19":1,"20":0,"21":0,"22":0,"23":0,"24":0,"25":0,"26":0,"27":0,"28":0,"29":0,"30":0,"31":0,"32":0,"33":0,"34":0,"35":0,"36":0,"37":0,"38":0,"39":0,"40":1,"41":0,"42":0,"43":0,"44":1,"45":0,"46":0,"47":0,"48":0,"49":0,"50":0,"51":1,"52":0,"53":0,"54":0,"55":0,"56":0,"57":0,"58":0,"59":0,"60":1,"61":0,"62":1,"63":0,"64":0,"65":0,"66":0,"67":0,"68":0,"69":0,"70":0,"71":0,"72":1,"73":0,"74":0,"75":0,"76":0,"77":0,"78":0,"79":0,"80":0,"81":0,"82":0,"83":0,"84":1,"85":0,"86":0,"87":0,"88":0,"89":0,"90":0,"91":1,"92":0,"93":0,"94":0,"95":0,"96":0,"97":0,"98":0,"99":1,"100":1},"b":{"1":[0,0],"2":[0,0],"3":[0,0],"4":[0,0],"5":[0,0],"6":[0,0],"7":[0,0],"8":[0,0],"9":[0,0],"10":[0,0],"11":[0,0],"12":[0,0],"13":[0,0],"14":[0,0],"15":[0,0],"16":[0,0],"17":[0,0],"18":[0,0],"19":[0,0],"20":[0,0],"21":[0,0],"22":[0,0],"23":[0,0],"24":[0,0],"25":[0,0],"26":[0,0]},"f":{"1":0,"2":0,"3":0,"4":0,"5":0,"6":0,"7":0,"8":0,"9":0,"10":0,"11":0,"12":0,"13":0,"14":0},"fnMap":{"1":{"name":"getShallowCopy","line":8,"loc":{"start":{"line":8,"column":0},"end":{"line":8,"column":27}}},"2":{"name":"isCommand","line":21,"loc":{"start":{"line":21,"column":0},"end":{"line":21,"column":22}}},"3":{"name":"getCommand","line":25,"loc":{"start":{"line":25,"column":0},"end":{"line":25,"column":23}}},"4":{"name":"update","line":29,"loc":{"start":{"line":29,"column":0},"end":{"line":29,"column":33}}},"5":{"name":"(anonymous_5)","line":32,"loc":{"start":{"line":32,"column":28},"end":{"line":32,"column":40}}},"6":{"name":"$apply","line":64,"loc":{"start":{"line":64,"column":0},"end":{"line":64,"column":26}}},"7":{"name":"$push","line":71,"loc":{"start":{"line":71,"column":0},"end":{"line":71,"column":30}}},"8":{"name":"$remove","line":82,"loc":{"start":{"line":82,"column":0},"end":{"line":82,"column":28}}},"9":{"name":"$set","line":96,"loc":{"start":{"line":96,"column":0},"end":{"line":96,"column":21}}},"10":{"name":"$splice","line":100,"loc":{"start":{"line":100,"column":0},"end":{"line":100,"column":31}}},"11":{"name":"(anonymous_11)","line":107,"loc":{"start":{"line":107,"column":26},"end":{"line":107,"column":49}}},"12":{"name":"$swap","line":115,"loc":{"start":{"line":115,"column":0},"end":{"line":115,"column":28}}},"13":{"name":"$unshift","line":131,"loc":{"start":{"line":131,"column":0},"end":{"line":131,"column":33}}},"14":{"name":"$merge","line":142,"loc":{"start":{"line":142,"column":0},"end":{"line":142,"column":36}}}},"statementMap":{"1":{"start":{"line":1,"column":0},"end":{"line":1,"column":33}},"2":{"start":{"line":2,"column":0},"end":{"line":2,"column":37}},"3":{"start":{"line":3,"column":0},"end":{"line":3,"column":41}},"4":{"start":{"line":4,"column":0},"end":{"line":4,"column":35}},"5":{"start":{"line":5,"column":0},"end":{"line":5,"column":37}},"6":{"start":{"line":6,"column":0},"end":{"line":6,"column":33}},"7":{"start":{"line":8,"column":0},"end":{"line":19,"column":1}},"8":{"start":{"line":9,"column":2},"end":{"line":14,"column":3}},"9":{"start":{"line":10,"column":4},"end":{"line":12,"column":5}},"10":{"start":{"line":11,"column":6},"end":{"line":11,"column":15}},"11":{"start":{"line":13,"column":4},"end":{"line":13,"column":25}},"12":{"start":{"line":15,"column":2},"end":{"line":17,"column":3}},"13":{"start":{"line":16,"column":4},"end":{"line":16,"column":22}},"14":{"start":{"line":18,"column":2},"end":{"line":18,"column":11}},"15":{"start":{"line":21,"column":0},"end":{"line":23,"column":1}},"16":{"start":{"line":22,"column":2},"end":{"line":22,"column":43}},"17":{"start":{"line":25,"column":0},"end":{"line":27,"column":1}},"18":{"start":{"line":26,"column":2},"end":{"line":26,"column":28}},"19":{"start":{"line":29,"column":0},"end":{"line":60,"column":1}},"20":{"start":{"line":31,"column":2},"end":{"line":33,"column":3}},"21":{"start":{"line":32,"column":4},"end":{"line":32,"column":195}},"22":{"start":{"line":32,"column":42},"end":{"line":32,"column":191}},"23":{"start":{"line":35,"column":2},"end":{"line":35,"column":23}},"24":{"start":{"line":36,"column":2},"end":{"line":36,"column":24}},"25":{"start":{"line":37,"column":2},"end":{"line":37,"column":15}},"26":{"start":{"line":38,"column":2},"end":{"line":58,"column":3}},"27":{"start":{"line":39,"column":4},"end":{"line":57,"column":5}},"28":{"start":{"line":40,"column":6},"end":{"line":56,"column":7}},"29":{"start":{"line":41,"column":8},"end":{"line":41,"column":50}},"30":{"start":{"line":42,"column":8},"end":{"line":47,"column":9}},"31":{"start":{"line":43,"column":10},"end":{"line":43,"column":27}},"32":{"start":{"line":44,"column":10},"end":{"line":44,"column":27}},"33":{"start":{"line":46,"column":10},"end":{"line":46,"column":27}},"34":{"start":{"line":50,"column":8},"end":{"line":52,"column":9}},"35":{"start":{"line":51,"column":10},"end":{"line":51,"column":43}},"36":{"start":{"line":53,"column":8},"end":{"line":53,"column":46}},"37":{"start":{"line":54,"column":8},"end":{"line":54,"column":59}},"38":{"start":{"line":55,"column":8},"end":{"line":55,"column":28}},"39":{"start":{"line":59,"column":2},"end":{"line":59,"column":38}},"40":{"start":{"line":64,"column":0},"end":{"line":69,"column":1}},"41":{"start":{"line":65,"column":2},"end":{"line":67,"column":3}},"42":{"start":{"line":66,"column":4},"end":{"line":66,"column":116}},"43":{"start":{"line":68,"column":2},"end":{"line":68,"column":18}},"44":{"start":{"line":71,"column":0},"end":{"line":80,"column":1}},"45":{"start":{"line":72,"column":2},"end":{"line":75,"column":3}},"46":{"start":{"line":73,"column":4},"end":{"line":73,"column":131}},"47":{"start":{"line":74,"column":4},"end":{"line":74,"column":100}},"48":{"start":{"line":76,"column":2},"end":{"line":78,"column":3}},"49":{"start":{"line":77,"column":4},"end":{"line":77,"column":32}},"50":{"start":{"line":79,"column":2},"end":{"line":79,"column":13}},"51":{"start":{"line":82,"column":0},"end":{"line":94,"column":1}},"52":{"start":{"line":83,"column":2},"end":{"line":86,"column":3}},"53":{"start":{"line":84,"column":4},"end":{"line":84,"column":121}},"54":{"start":{"line":85,"column":4},"end":{"line":85,"column":104}},"55":{"start":{"line":87,"column":2},"end":{"line":92,"column":3}},"56":{"start":{"line":88,"column":4},"end":{"line":88,"column":30}},"57":{"start":{"line":89,"column":4},"end":{"line":91,"column":5}},"58":{"start":{"line":90,"column":6},"end":{"line":90,"column":26}},"59":{"start":{"line":93,"column":2},"end":{"line":93,"column":13}},"60":{"start":{"line":96,"column":0},"end":{"line":98,"column":1}},"61":{"start":{"line":97,"column":2},"end":{"line":97,"column":15}},"62":{"start":{"line":100,"column":0},"end":{"line":113,"column":1}},"63":{"start":{"line":101,"column":2},"end":{"line":104,"column":3}},"64":{"start":{"line":102,"column":4},"end":{"line":102,"column":166}},"65":{"start":{"line":103,"column":4},"end":{"line":103,"column":102}},"66":{"start":{"line":105,"column":2},"end":{"line":111,"column":3}},"67":{"start":{"line":106,"column":4},"end":{"line":106,"column":30}},"68":{"start":{"line":107,"column":4},"end":{"line":110,"column":12}},"69":{"start":{"line":108,"column":6},"end":{"line":108,"column":36}},"70":{"start":{"line":109,"column":6},"end":{"line":109,"column":17}},"71":{"start":{"line":112,"column":2},"end":{"line":112,"column":13}},"72":{"start":{"line":115,"column":0},"end":{"line":129,"column":1}},"73":{"start":{"line":116,"column":2},"end":{"line":121,"column":3}},"74":{"start":{"line":117,"column":4},"end":{"line":117,"column":127}},"75":{"start":{"line":118,"column":4},"end":{"line":118,"column":136}},"76":{"start":{"line":119,"column":4},"end":{"line":119,"column":132}},"77":{"start":{"line":120,"column":4},"end":{"line":120,"column":100}},"78":{"start":{"line":122,"column":2},"end":{"line":127,"column":3}},"79":{"start":{"line":123,"column":4},"end":{"line":123,"column":30}},"80":{"start":{"line":124,"column":4},"end":{"line":124,"column":33}},"81":{"start":{"line":125,"column":4},"end":{"line":125,"column":38}},"82":{"start":{"line":126,"column":4},"end":{"line":126,"column":31}},"83":{"start":{"line":128,"column":2},"end":{"line":128,"column":13}},"84":{"start":{"line":131,"column":0},"end":{"line":140,"column":1}},"85":{"start":{"line":132,"column":2},"end":{"line":135,"column":3}},"86":{"start":{"line":133,"column":4},"end":{"line":133,"column":132}},"87":{"start":{"line":134,"column":4},"end":{"line":134,"column":103}},"88":{"start":{"line":136,"column":2},"end":{"line":138,"column":3}},"89":{"start":{"line":137,"column":4},"end":{"line":137,"column":32}},"90":{"start":{"line":139,"column":2},"end":{"line":139,"column":13}},"91":{"start":{"line":142,"column":0},"end":{"line":152,"column":1}},"92":{"start":{"line":143,"column":2},"end":{"line":143,"column":24}},"93":{"start":{"line":144,"column":2},"end":{"line":144,"column":37}},"94":{"start":{"line":145,"column":2},"end":{"line":150,"column":3}},"95":{"start":{"line":146,"column":4},"end":{"line":149,"column":5}},"96":{"start":{"line":147,"column":6},"end":{"line":147,"column":33}},"97":{"start":{"line":148,"column":6},"end":{"line":148,"column":58}},"98":{"start":{"line":151,"column":2},"end":{"line":151,"column":36}},"99":{"start":{"line":154,"column":0},"end":{"line":163,"column":2}},"100":{"start":{"line":165,"column":0},"end":{"line":165,"column":24}}},"branchMap":{"1":{"line":9,"type":"if","locations":[{"start":{"line":9,"column":2},"end":{"line":9,"column":2}},{"start":{"line":9,"column":2},"end":{"line":9,"column":2}}]},"2":{"line":10,"type":"if","locations":[{"start":{"line":10,"column":4},"end":{"line":10,"column":4}},{"start":{"line":10,"column":4},"end":{"line":10,"column":4}}]},"3":{"line":10,"type":"binary-expr","locations":[{"start":{"line":10,"column":8},"end":{"line":10,"column":25}},{"start":{"line":10,"column":29},"end":{"line":10,"column":48}}]},"4":{"line":15,"type":"if","locations":[{"start":{"line":15,"column":2},"end":{"line":15,"column":2}},{"start":{"line":15,"column":2},"end":{"line":15,"column":2}}]},"5":{"line":31,"type":"if","locations":[{"start":{"line":31,"column":2},"end":{"line":31,"column":2}},{"start":{"line":31,"column":2},"end":{"line":31,"column":2}}]},"6":{"line":39,"type":"if","locations":[{"start":{"line":39,"column":4},"end":{"line":39,"column":4}},{"start":{"line":39,"column":4},"end":{"line":39,"column":4}}]},"7":{"line":40,"type":"if","locations":[{"start":{"line":40,"column":6},"end":{"line":40,"column":6}},{"start":{"line":40,"column":6},"end":{"line":40,"column":6}}]},"8":{"line":42,"type":"if","locations":[{"start":{"line":42,"column":8},"end":{"line":42,"column":8}},{"start":{"line":42,"column":8},"end":{"line":42,"column":8}}]},"9":{"line":50,"type":"if","locations":[{"start":{"line":50,"column":8},"end":{"line":50,"column":8}},{"start":{"line":50,"column":8},"end":{"line":50,"column":8}}]},"10":{"line":54,"type":"binary-expr","locations":[{"start":{"line":54,"column":20},"end":{"line":54,"column":29}},{"start":{"line":54,"column":35},"end":{"line":54,"column":56}}]},"11":{"line":59,"type":"cond-expr","locations":[{"start":{"line":59,"column":21},"end":{"line":59,"column":26}},{"start":{"line":59,"column":29},"end":{"line":59,"column":37}}]},"12":{"line":65,"type":"if","locations":[{"start":{"line":65,"column":2},"end":{"line":65,"column":2}},{"start":{"line":65,"column":2},"end":{"line":65,"column":2}}]},"13":{"line":72,"type":"if","locations":[{"start":{"line":72,"column":2},"end":{"line":72,"column":2}},{"start":{"line":72,"column":2},"end":{"line":72,"column":2}}]},"14":{"line":76,"type":"if","locations":[{"start":{"line":76,"column":2},"end":{"line":76,"column":2}},{"start":{"line":76,"column":2},"end":{"line":76,"column":2}}]},"15":{"line":83,"type":"if","locations":[{"start":{"line":83,"column":2},"end":{"line":83,"column":2}},{"start":{"line":83,"column":2},"end":{"line":83,"column":2}}]},"16":{"line":87,"type":"if","locations":[{"start":{"line":87,"column":2},"end":{"line":87,"column":2}},{"start":{"line":87,"column":2},"end":{"line":87,"column":2}}]},"17":{"line":101,"type":"if","locations":[{"start":{"line":101,"column":2},"end":{"line":101,"column":2}},{"start":{"line":101,"column":2},"end":{"line":101,"column":2}}]},"18":{"line":102,"type":"binary-expr","locations":[{"start":{"line":102,"column":11},"end":{"line":102,"column":27}},{"start":{"line":102,"column":31},"end":{"line":102,"column":53}}]},"19":{"line":105,"type":"if","locations":[{"start":{"line":105,"column":2},"end":{"line":105,"column":2}},{"start":{"line":105,"column":2},"end":{"line":105,"column":2}}]},"20":{"line":116,"type":"if","locations":[{"start":{"line":116,"column":2},"end":{"line":116,"column":2}},{"start":{"line":116,"column":2},"end":{"line":116,"column":2}}]},"21":{"line":122,"type":"if","locations":[{"start":{"line":122,"column":2},"end":{"line":122,"column":2}},{"start":{"line":122,"column":2},"end":{"line":122,"column":2}}]},"22":{"line":132,"type":"if","locations":[{"start":{"line":132,"column":2},"end":{"line":132,"column":2}},{"start":{"line":132,"column":2},"end":{"line":132,"column":2}}]},"23":{"line":136,"type":"if","locations":[{"start":{"line":136,"column":2},"end":{"line":136,"column":2}},{"start":{"line":136,"column":2},"end":{"line":136,"column":2}}]},"24":{"line":146,"type":"if","locations":[{"start":{"line":146,"column":4},"end":{"line":146,"column":4}},{"start":{"line":146,"column":4},"end":{"line":146,"column":4}}]},"25":{"line":148,"type":"binary-expr","locations":[{"start":{"line":148,"column":18},"end":{"line":148,"column":27}},{"start":{"line":148,"column":33},"end":{"line":148,"column":55}}]},"26":{"line":151,"type":"cond-expr","locations":[{"start":{"line":151,"column":21},"end":{"line":151,"column":27}},{"start":{"line":151,"column":30},"end":{"line":151,"column":35}}]}},"code":["var assert = require('./assert');","var isObject = require('./isObject');","var isFunction = require('./isFunction');","var isArray = require('./isArray');","var isNumber = require('./isNumber');","var assign = require('./assign');","","function getShallowCopy(x) {","  if (isObject(x)) {","    if (x instanceof Date || x instanceof RegExp) {","      return x;","    }","    return assign({}, x);","  }","  if (isArray(x)) {","    return x.concat();","  }","  return x;","}","","function isCommand(k) {","  return update.commands.hasOwnProperty(k);","}","","function getCommand(k) {","  return update.commands[k];","}","","function update(instance, patch) {","","  if (process.env.NODE_ENV !== 'production') {","    assert(isObject(patch), function () { return 'Invalid argument patch ' + assert.stringify(patch) + ' supplied to function update(instance, patch): expected an object containing commands'; });","  }","","  var value = instance;","  var isChanged = false;","  var newValue;","  for (var k in patch) {","    if (patch.hasOwnProperty(k)) {","      if (isCommand(k)) {","        newValue = getCommand(k)(patch[k], value);","        if (newValue !== instance) {","          isChanged = true;","          value = newValue;","        } else {","          value = instance;","        }","      }","      else {","        if (value === instance) {","          value = getShallowCopy(instance);","        }","        newValue = update(value[k], patch[k]);","        isChanged = isChanged || ( newValue !== value[k] );","        value[k] = newValue;","      }","    }","  }","  return isChanged ? value : instance;","}","","// built-in commands","","function $apply(f, value) {","  if (process.env.NODE_ENV !== 'production') {","    assert(isFunction(f), 'Invalid argument f supplied to immutability helper { $apply: f } (expected a function)');","  }","  return f(value);","}","","function $push(elements, arr) {","  if (process.env.NODE_ENV !== 'production') {","    assert(isArray(elements), 'Invalid argument elements supplied to immutability helper { $push: elements } (expected an array)');","    assert(isArray(arr), 'Invalid value supplied to immutability helper $push (expected an array)');","  }","  if (elements.length > 0) {","    return arr.concat(elements);","  }","  return arr;","}","","function $remove(keys, obj) {","  if (process.env.NODE_ENV !== 'production') {","    assert(isArray(keys), 'Invalid argument keys supplied to immutability helper { $remove: keys } (expected an array)');","    assert(isObject(obj), 'Invalid value supplied to immutability helper $remove (expected an object)');","  }","  if (keys.length > 0) {","    obj = getShallowCopy(obj);","    for (var i = 0, len = keys.length; i < len; i++ ) {","      delete obj[keys[i]];","    }","  }","  return obj;","}","","function $set(value) {","  return value;","}","","function $splice(splices, arr) {","  if (process.env.NODE_ENV !== 'production') {","    assert(isArray(splices) && splices.every(isArray), 'Invalid argument splices supplied to immutability helper { $splice: splices } (expected an array of arrays)');","    assert(isArray(arr), 'Invalid value supplied to immutability helper $splice (expected an array)');","  }","  if (splices.length > 0) {","    arr = getShallowCopy(arr);","    return splices.reduce(function (acc, splice) {","      acc.splice.apply(acc, splice);","      return acc;","    }, arr);","  }","  return arr;","}","","function $swap(config, arr) {","  if (process.env.NODE_ENV !== 'production') {","    assert(isObject(config), 'Invalid argument config supplied to immutability helper { $swap: config } (expected an object)');","    assert(isNumber(config.from), 'Invalid argument config.from supplied to immutability helper { $swap: config } (expected a number)');","    assert(isNumber(config.to), 'Invalid argument config.to supplied to immutability helper { $swap: config } (expected a number)');","    assert(isArray(arr), 'Invalid value supplied to immutability helper $swap (expected an array)');","  }","  if (config.from !== config.to) {","    arr = getShallowCopy(arr);","    var element = arr[config.to];","    arr[config.to] = arr[config.from];","    arr[config.from] = element;","  }","  return arr;","}","","function $unshift(elements, arr) {","  if (process.env.NODE_ENV !== 'production') {","    assert(isArray(elements), 'Invalid argument elements supplied to immutability helper {$unshift: elements} (expected an array)');","    assert(isArray(arr), 'Invalid value supplied to immutability helper $unshift (expected an array)');","  }","  if (elements.length > 0) {","    return elements.concat(arr);","  }","  return arr;","}","","function $merge(whatToMerge, value) {","  var isChanged = false;","  var result = getShallowCopy(value);","  for (var k in whatToMerge) {","    if (whatToMerge.hasOwnProperty(k)) {","      result[k] = whatToMerge[k];","      isChanged = isChanged || ( result[k] !== value[k] );","    }","  }","  return isChanged ? result : value;","}","","update.commands = {","  $apply: $apply,","  $push: $push,","  $remove: $remove,","  $set: $set,","  $splice: $splice,","  $swap: $swap,","  $unshift: $unshift,","  $merge: $merge","};","","module.exports = update;",""],"l":{"1":1,"2":1,"3":1,"4":1,"5":1,"6":1,"8":1,"9":0,"10":0,"11":0,"13":0,"15":0,"16":0,"18":0,"21":1,"22":0,"25":1,"26":0,"29":1,"31":0,"32":0,"35":0,"36":0,"37":0,"38":0,"39":0,"40":0,"41":0,"42":0,"43":0,"44":0,"46":0,"50":0,"51":0,"53":0,"54":0,"55":0,"59":0,"64":1,"65":0,"66":0,"68":0,"71":1,"72":0,"73":0,"74":0,"76":0,"77":0,"79":0,"82":1,"83":0,"84":0,"85":0,"87":0,"88":0,"89":0,"90":0,"93":0,"96":1,"97":0,"100":1,"101":0,"102":0,"103":0,"105":0,"106":0,"107":0,"108":0,"109":0,"112":0,"115":1,"116":0,"117":0,"118":0,"119":0,"120":0,"122":0,"123":0,"124":0,"125":0,"126":0,"128":0,"131":1,"132":0,"133":0,"134":0,"136":0,"137":0,"139":0,"142":1,"143":0,"144":0,"145":0,"146":0,"147":0,"148":0,"151":0,"154":1,"165":1}}}